[2025-07-12T05:47:29.789+0000] {local_task_job_runner.py:120} INFO - ::group::Pre task execution logs
[2025-07-12T05:47:29.818+0000] {taskinstance.py:2076} INFO - Dependencies all met for dep_context=non-requeueable deps ti=<TaskInstance: update_historical_data.update_historical_data manual__2025-07-12T05:47:29.434939+00:00 [queued]>
[2025-07-12T05:47:29.827+0000] {taskinstance.py:2076} INFO - Dependencies all met for dep_context=requeueable deps ti=<TaskInstance: update_historical_data.update_historical_data manual__2025-07-12T05:47:29.434939+00:00 [queued]>
[2025-07-12T05:47:29.828+0000] {taskinstance.py:2306} INFO - Starting attempt 1 of 2
[2025-07-12T05:47:29.842+0000] {taskinstance.py:2330} INFO - Executing <Task(BashOperator): update_historical_data> on 2025-07-12 05:47:29.434939+00:00
[2025-07-12T05:47:29.851+0000] {standard_task_runner.py:90} INFO - Running: ['***', 'tasks', 'run', 'update_historical_data', 'update_historical_data', 'manual__2025-07-12T05:47:29.434939+00:00', '--job-id', '8', '--raw', '--subdir', 'DAGS_FOLDER/update_historical_data.py', '--cfg-path', '/tmp/tmprpza66qn']
[2025-07-12T05:47:29.852+0000] {standard_task_runner.py:91} INFO - Job 8: Subtask update_historical_data
[2025-07-12T05:47:29.853+0000] {logging_mixin.py:188} WARNING - /home/***/.local/lib/python3.12/site-packages/***/task/task_runner/standard_task_runner.py:61 DeprecationWarning: This process (pid=290) is multi-threaded, use of fork() may lead to deadlocks in the child.
[2025-07-12T05:47:29.854+0000] {standard_task_runner.py:63} INFO - Started process 291 to run task
[2025-07-12T05:47:29.890+0000] {task_command.py:426} INFO - Running <TaskInstance: update_historical_data.update_historical_data manual__2025-07-12T05:47:29.434939+00:00 [running]> on host 86a3af8430bc
[2025-07-12T05:47:29.956+0000] {taskinstance.py:2648} INFO - Exporting env vars: AIRFLOW_CTX_DAG_OWNER='***' AIRFLOW_CTX_DAG_ID='update_historical_data' AIRFLOW_CTX_TASK_ID='update_historical_data' AIRFLOW_CTX_EXECUTION_DATE='2025-07-12T05:47:29.434939+00:00' AIRFLOW_CTX_TRY_NUMBER='1' AIRFLOW_CTX_DAG_RUN_ID='manual__2025-07-12T05:47:29.434939+00:00'
[2025-07-12T05:47:29.956+0000] {taskinstance.py:430} INFO - ::endgroup::
[2025-07-12T05:47:29.967+0000] {subprocess.py:63} INFO - Tmp dir root location: /tmp
[2025-07-12T05:47:29.967+0000] {subprocess.py:75} INFO - Running command: ['/usr/bin/bash', '-c', 'docker exec -i crypto_data_collector python3 /app/src/collection_admin/data/update_historical_data.py']
[2025-07-12T05:47:29.975+0000] {subprocess.py:86} INFO - Output:
[2025-07-12T05:47:31.141+0000] {subprocess.py:93} INFO - Updating BTCUSDT from 1752298200000
[2025-07-12T05:47:31.142+0000] {subprocess.py:93} INFO - got 1 new candles
[2025-07-12T05:47:31.142+0000] {subprocess.py:93} INFO - Inserted _id = 6871f6f2e308541ff3f57303 into cryptobot.historical_data_15m
[2025-07-12T05:47:31.142+0000] {subprocess.py:93} INFO - finished BTCUSDT
[2025-07-12T05:47:31.142+0000] {subprocess.py:93} INFO - Updating ETHUSDT from 1752298200000
[2025-07-12T05:47:31.142+0000] {subprocess.py:93} INFO - got 1 new candles
[2025-07-12T05:47:31.142+0000] {subprocess.py:93} INFO - Inserted _id = 6871f6f3e308541ff3f57306 into cryptobot.historical_data_15m
[2025-07-12T05:47:31.142+0000] {subprocess.py:93} INFO - finished ETHUSDT
[2025-07-12T05:47:31.659+0000] {subprocess.py:97} INFO - Command exited with return code 0
[2025-07-12T05:47:31.659+0000] {taskinstance.py:441} INFO - ::group::Post task execution logs
[2025-07-12T05:47:31.689+0000] {taskinstance.py:1206} INFO - Marking task as SUCCESS. dag_id=update_historical_data, task_id=update_historical_data, run_id=manual__2025-07-12T05:47:29.434939+00:00, execution_date=20250712T054729, start_date=20250712T054729, end_date=20250712T054731
[2025-07-12T05:47:31.714+0000] {local_task_job_runner.py:240} INFO - Task exited with return code 0
[2025-07-12T05:47:31.729+0000] {taskinstance.py:3498} INFO - 0 downstream tasks scheduled from follow-on schedule check
[2025-07-12T05:47:31.730+0000] {local_task_job_runner.py:222} INFO - ::endgroup::
