[2025-07-12T05:45:49.247+0000] {manager.py:470} INFO - Processing files using up to 2 processes at a time 
[2025-07-12T05:45:49.247+0000] {manager.py:471} INFO - Process each file at most once every 30 seconds
[2025-07-12T05:45:49.247+0000] {manager.py:472} INFO - Checking for new files in /opt/airflow/dags every 300 seconds
[2025-07-12T05:45:49.248+0000] {manager.py:737} INFO - Searching for files in /opt/airflow/dags
[2025-07-12T05:45:49.249+0000] {manager.py:740} INFO - There are 2 files in /opt/airflow/dags
[2025-07-12T05:45:49.318+0000] {manager.py:878} INFO - 
================================================================================
DAG File Processing Stats

File Path                                          PID  Runtime      # DAGs    # Errors  Last Runtime    Last Run
-----------------------------------------------  -----  ---------  --------  ----------  --------------  ----------
/opt/airflow/dags/update_historical_data.py        190  0.03s             0           0
/opt/airflow/dags/initialize_historical_data.py    193  0.03s             0           0
================================================================================
[2025-07-12T05:46:19.658+0000] {manager.py:878} INFO - 
================================================================================
DAG File Processing Stats

File Path                                          PID  Runtime      # DAGs    # Errors  Last Runtime    Last Run
-----------------------------------------------  -----  ---------  --------  ----------  --------------  -------------------
/opt/airflow/dags/update_historical_data.py        260  0.01s             1           0  0.24s           2025-07-12T05:45:49
/opt/airflow/dags/initialize_historical_data.py    263  0.00s             1           0  0.22s           2025-07-12T05:45:49
================================================================================
[2025-07-12T05:46:49.872+0000] {manager.py:878} INFO - 
================================================================================
DAG File Processing Stats

File Path                                          PID  Runtime      # DAGs    # Errors  Last Runtime    Last Run
-----------------------------------------------  -----  ---------  --------  ----------  --------------  -------------------
/opt/airflow/dags/update_historical_data.py        270  0.01s             1           0  0.08s           2025-07-12T05:46:19
/opt/airflow/dags/initialize_historical_data.py    273  0.01s             1           0  0.07s           2025-07-12T05:46:19
================================================================================
[2025-07-12T05:47:20.079+0000] {manager.py:878} INFO - 
================================================================================
DAG File Processing Stats

File Path                                          PID  Runtime      # DAGs    # Errors  Last Runtime    Last Run
-----------------------------------------------  -----  ---------  --------  ----------  --------------  -------------------
/opt/airflow/dags/update_historical_data.py                               1           0  0.14s           2025-07-12T05:47:07
/opt/airflow/dags/initialize_historical_data.py    285  0.01s             1           0  0.06s           2025-07-12T05:46:49
================================================================================
[2025-07-12T05:47:50.282+0000] {manager.py:878} INFO - 
================================================================================
DAG File Processing Stats

File Path                                          PID  Runtime      # DAGs    # Errors  Last Runtime    Last Run
-----------------------------------------------  -----  ---------  --------  ----------  --------------  -------------------
/opt/airflow/dags/update_historical_data.py                               1           0  0.09s           2025-07-12T05:47:37
/opt/airflow/dags/initialize_historical_data.py    308  0.01s             1           0  0.08s           2025-07-12T05:47:20
================================================================================
[2025-07-12T05:48:20.500+0000] {manager.py:878} INFO - 
================================================================================
DAG File Processing Stats

File Path                                          PID  Runtime      # DAGs    # Errors  Last Runtime    Last Run
-----------------------------------------------  -----  ---------  --------  ----------  --------------  -------------------
/opt/airflow/dags/update_historical_data.py                               1           0  0.08s           2025-07-12T05:48:07
/opt/airflow/dags/initialize_historical_data.py    318  0.01s             1           0  0.08s           2025-07-12T05:47:50
================================================================================
[2025-07-12T05:48:50.721+0000] {manager.py:878} INFO - 
================================================================================
DAG File Processing Stats

File Path                                          PID  Runtime      # DAGs    # Errors  Last Runtime    Last Run
-----------------------------------------------  -----  ---------  --------  ----------  --------------  -------------------
/opt/airflow/dags/update_historical_data.py                               1           0  0.08s           2025-07-12T05:48:37
/opt/airflow/dags/initialize_historical_data.py    328  0.01s             1           0  0.07s           2025-07-12T05:48:20
================================================================================
[2025-07-12T05:49:20.934+0000] {manager.py:878} INFO - 
================================================================================
DAG File Processing Stats

File Path                                          PID  Runtime      # DAGs    # Errors  Last Runtime    Last Run
-----------------------------------------------  -----  ---------  --------  ----------  --------------  -------------------
/opt/airflow/dags/update_historical_data.py                               1           0  0.10s           2025-07-12T05:49:07
/opt/airflow/dags/initialize_historical_data.py    338  0.01s             1           0  0.08s           2025-07-12T05:48:50
================================================================================
[2025-07-12T05:49:51.158+0000] {manager.py:878} INFO - 
================================================================================
DAG File Processing Stats

File Path                                          PID  Runtime      # DAGs    # Errors  Last Runtime    Last Run
-----------------------------------------------  -----  ---------  --------  ----------  --------------  -------------------
/opt/airflow/dags/update_historical_data.py                               1           0  0.09s           2025-07-12T05:49:38
/opt/airflow/dags/initialize_historical_data.py    348  0.01s             1           0  0.08s           2025-07-12T05:49:21
================================================================================
[2025-07-12T05:50:21.353+0000] {manager.py:878} INFO - 
================================================================================
DAG File Processing Stats

File Path                                          PID  Runtime      # DAGs    # Errors  Last Runtime    Last Run
-----------------------------------------------  -----  ---------  --------  ----------  --------------  -------------------
/opt/airflow/dags/update_historical_data.py                               1           0  0.09s           2025-07-12T05:50:08
/opt/airflow/dags/initialize_historical_data.py    358  0.01s             1           0  0.08s           2025-07-12T05:49:51
================================================================================
[2025-07-12T05:50:49.549+0000] {manager.py:737} INFO - Searching for files in /opt/airflow/dags
[2025-07-12T05:50:49.550+0000] {manager.py:740} INFO - There are 2 files in /opt/airflow/dags
[2025-07-12T05:50:51.576+0000] {manager.py:878} INFO - 
================================================================================
DAG File Processing Stats

File Path                                          PID  Runtime      # DAGs    # Errors  Last Runtime    Last Run
-----------------------------------------------  -----  ---------  --------  ----------  --------------  -------------------
/opt/airflow/dags/initialize_historical_data.py    368  0.00s             1           0  0.09s           2025-07-12T05:50:21
/opt/airflow/dags/update_historical_data.py                               1           0  0.08s           2025-07-12T05:50:38
================================================================================
[2025-07-12T06:12:39.519+0000] {manager.py:470} INFO - Processing files using up to 2 processes at a time 
[2025-07-12T06:12:39.530+0000] {manager.py:471} INFO - Process each file at most once every 30 seconds
[2025-07-12T06:12:39.530+0000] {manager.py:472} INFO - Checking for new files in /opt/airflow/dags every 300 seconds
[2025-07-12T06:12:39.530+0000] {manager.py:737} INFO - Searching for files in /opt/airflow/dags
[2025-07-12T06:12:39.531+0000] {manager.py:740} INFO - There are 2 files in /opt/airflow/dags
[2025-07-12T06:12:39.580+0000] {manager.py:878} INFO - 
================================================================================
DAG File Processing Stats

File Path                                          PID  Runtime      # DAGs    # Errors  Last Runtime    Last Run
-----------------------------------------------  -----  ---------  --------  ----------  --------------  ----------
/opt/airflow/dags/update_historical_data.py        163  0.03s             0           0
/opt/airflow/dags/initialize_historical_data.py    166  0.02s             0           0
================================================================================
[2025-07-12T06:13:09.922+0000] {manager.py:878} INFO - 
================================================================================
DAG File Processing Stats

File Path                                          PID  Runtime      # DAGs    # Errors  Last Runtime    Last Run
-----------------------------------------------  -----  ---------  --------  ----------  --------------  -------------------
/opt/airflow/dags/update_historical_data.py        186  0.01s             1           0  0.24s           2025-07-12T06:12:39
/opt/airflow/dags/initialize_historical_data.py    189  0.00s             1           0  0.22s           2025-07-12T06:12:39
================================================================================
[2025-07-12T06:13:40.127+0000] {manager.py:878} INFO - 
================================================================================
DAG File Processing Stats

File Path                                          PID  Runtime      # DAGs    # Errors  Last Runtime    Last Run
-----------------------------------------------  -----  ---------  --------  ----------  --------------  -------------------
/opt/airflow/dags/update_historical_data.py        196  0.01s             1           0  0.08s           2025-07-12T06:13:09
/opt/airflow/dags/initialize_historical_data.py    199  0.01s             1           0  0.07s           2025-07-12T06:13:09
================================================================================
[2025-07-12T06:14:10.329+0000] {manager.py:878} INFO - 
================================================================================
DAG File Processing Stats

File Path                                          PID  Runtime      # DAGs    # Errors  Last Runtime    Last Run
-----------------------------------------------  -----  ---------  --------  ----------  --------------  -------------------
/opt/airflow/dags/update_historical_data.py        206  0.01s             1           0  0.08s           2025-07-12T06:13:40
/opt/airflow/dags/initialize_historical_data.py    209  0.01s             1           0  0.07s           2025-07-12T06:13:40
================================================================================
[2025-07-12T06:14:40.537+0000] {manager.py:878} INFO - 
================================================================================
DAG File Processing Stats

File Path                                          PID  Runtime      # DAGs    # Errors  Last Runtime    Last Run
-----------------------------------------------  -----  ---------  --------  ----------  --------------  -------------------
/opt/airflow/dags/update_historical_data.py        216  0.01s             1           0  0.09s           2025-07-12T06:14:10
/opt/airflow/dags/initialize_historical_data.py    219  0.00s             1           0  0.07s           2025-07-12T06:14:10
================================================================================
[2025-07-12T06:15:10.765+0000] {manager.py:878} INFO - 
================================================================================
DAG File Processing Stats

File Path                                          PID  Runtime      # DAGs    # Errors  Last Runtime    Last Run
-----------------------------------------------  -----  ---------  --------  ----------  --------------  -------------------
/opt/airflow/dags/update_historical_data.py        226  0.01s             1           0  0.10s           2025-07-12T06:14:40
/opt/airflow/dags/initialize_historical_data.py    229  0.01s             1           0  0.08s           2025-07-12T06:14:40
================================================================================
[2025-07-12T06:15:40.992+0000] {manager.py:878} INFO - 
================================================================================
DAG File Processing Stats

File Path                                          PID  Runtime      # DAGs    # Errors  Last Runtime    Last Run
-----------------------------------------------  -----  ---------  --------  ----------  --------------  -------------------
/opt/airflow/dags/update_historical_data.py        248  0.01s             1           0  0.09s           2025-07-12T06:15:10
/opt/airflow/dags/initialize_historical_data.py    251  0.01s             1           0  0.07s           2025-07-12T06:15:10
================================================================================
[2025-07-12T06:16:11.196+0000] {manager.py:878} INFO - 
================================================================================
DAG File Processing Stats

File Path                                          PID  Runtime      # DAGs    # Errors  Last Runtime    Last Run
-----------------------------------------------  -----  ---------  --------  ----------  --------------  -------------------
/opt/airflow/dags/update_historical_data.py        258  0.01s             1           0  0.09s           2025-07-12T06:15:41
/opt/airflow/dags/initialize_historical_data.py    261  0.01s             1           0  0.08s           2025-07-12T06:15:41
================================================================================
[2025-07-12T06:16:41.401+0000] {manager.py:878} INFO - 
================================================================================
DAG File Processing Stats

File Path                                          PID  Runtime      # DAGs    # Errors  Last Runtime    Last Run
-----------------------------------------------  -----  ---------  --------  ----------  --------------  -------------------
/opt/airflow/dags/update_historical_data.py        268  0.01s             1           0  0.08s           2025-07-12T06:16:11
/opt/airflow/dags/initialize_historical_data.py    271  0.00s             1           0  0.07s           2025-07-12T06:16:11
================================================================================
[2025-07-12T06:16:44.302+0000] {manager.py:452} INFO - Exiting gracefully upon receiving signal 15
[2025-07-12T06:17:18.371+0000] {manager.py:470} INFO - Processing files using up to 2 processes at a time 
[2025-07-12T06:17:18.372+0000] {manager.py:471} INFO - Process each file at most once every 30 seconds
[2025-07-12T06:17:18.372+0000] {manager.py:472} INFO - Checking for new files in /opt/airflow/dags every 300 seconds
[2025-07-12T06:17:18.372+0000] {manager.py:737} INFO - Searching for files in /opt/airflow/dags
[2025-07-12T06:17:18.374+0000] {manager.py:740} INFO - There are 2 files in /opt/airflow/dags
[2025-07-12T06:17:18.501+0000] {manager.py:878} INFO - 
================================================================================
DAG File Processing Stats

File Path                                          PID  Runtime      # DAGs    # Errors  Last Runtime    Last Run
-----------------------------------------------  -----  ---------  --------  ----------  --------------  ----------
/opt/airflow/dags/update_historical_data.py        164  0.06s             0           0
/opt/airflow/dags/initialize_historical_data.py    167  0.05s             0           0
================================================================================
[2025-07-12T06:17:48.692+0000] {manager.py:878} INFO - 
================================================================================
DAG File Processing Stats

File Path                                          PID  Runtime      # DAGs    # Errors  Last Runtime    Last Run
-----------------------------------------------  -----  ---------  --------  ----------  --------------  -------------------
/opt/airflow/dags/update_historical_data.py        181  0.01s             1           0  0.14s           2025-07-12T06:17:18
/opt/airflow/dags/initialize_historical_data.py    184  0.00s             1           0  0.11s           2025-07-12T06:17:18
================================================================================
[2025-07-12T06:18:19.066+0000] {manager.py:878} INFO - 
================================================================================
DAG File Processing Stats

File Path                                          PID  Runtime      # DAGs    # Errors  Last Runtime    Last Run
-----------------------------------------------  -----  ---------  --------  ----------  --------------  -------------------
/opt/airflow/dags/update_historical_data.py        203  0.01s             1           0  0.24s           2025-07-12T06:17:48
/opt/airflow/dags/initialize_historical_data.py    206  0.00s             1           0  0.23s           2025-07-12T06:17:48
================================================================================
[2025-07-12T06:18:49.281+0000] {manager.py:878} INFO - 
================================================================================
DAG File Processing Stats

File Path                                          PID  Runtime      # DAGs    # Errors  Last Runtime    Last Run
-----------------------------------------------  -----  ---------  --------  ----------  --------------  -------------------
/opt/airflow/dags/update_historical_data.py                               1           0  0.11s           2025-07-12T06:18:28
/opt/airflow/dags/initialize_historical_data.py    218  0.00s             1           0  0.08s           2025-07-12T06:18:19
================================================================================
[2025-07-12T06:19:19.560+0000] {manager.py:878} INFO - 
================================================================================
DAG File Processing Stats

File Path                                          PID  Runtime      # DAGs    # Errors  Last Runtime    Last Run
-----------------------------------------------  -----  ---------  --------  ----------  --------------  -------------------
/opt/airflow/dags/update_historical_data.py                               1           0  0.09s           2025-07-12T06:19:17
/opt/airflow/dags/initialize_historical_data.py    238  0.01s             1           0  0.07s           2025-07-12T06:18:49
================================================================================
[2025-07-12T06:19:49.797+0000] {manager.py:878} INFO - 
================================================================================
DAG File Processing Stats

File Path                                        PID    Runtime      # DAGs    # Errors  Last Runtime    Last Run
-----------------------------------------------  -----  ---------  --------  ----------  --------------  -------------------
/opt/airflow/dags/update_historical_data.py                               1           0  0.08s           2025-07-12T06:19:47
/opt/airflow/dags/initialize_historical_data.py                           1           0  0.07s           2025-07-12T06:19:36
================================================================================
[2025-07-12T06:20:20.011+0000] {manager.py:878} INFO - 
================================================================================
DAG File Processing Stats

File Path                                        PID    Runtime      # DAGs    # Errors  Last Runtime    Last Run
-----------------------------------------------  -----  ---------  --------  ----------  --------------  -------------------
/opt/airflow/dags/update_historical_data.py                               1           0  0.10s           2025-07-12T06:20:18
/opt/airflow/dags/initialize_historical_data.py                           1           0  0.08s           2025-07-12T06:20:06
================================================================================
[2025-07-12T06:20:50.229+0000] {manager.py:878} INFO - 
================================================================================
DAG File Processing Stats

File Path                                        PID    Runtime      # DAGs    # Errors  Last Runtime    Last Run
-----------------------------------------------  -----  ---------  --------  ----------  --------------  -------------------
/opt/airflow/dags/update_historical_data.py                               1           0  0.09s           2025-07-12T06:20:48
/opt/airflow/dags/initialize_historical_data.py                           1           0  0.08s           2025-07-12T06:20:37
================================================================================
[2025-07-12T06:21:20.520+0000] {manager.py:878} INFO - 
================================================================================
DAG File Processing Stats

File Path                                        PID    Runtime      # DAGs    # Errors  Last Runtime    Last Run
-----------------------------------------------  -----  ---------  --------  ----------  --------------  -------------------
/opt/airflow/dags/initialize_historical_data.py                           1           0  0.09s           2025-07-12T06:21:12
/opt/airflow/dags/update_historical_data.py                               1           0  0.06s           2025-07-12T06:21:10
================================================================================
[2025-07-12T06:21:50.739+0000] {manager.py:878} INFO - 
================================================================================
DAG File Processing Stats

File Path                                        PID    Runtime      # DAGs    # Errors  Last Runtime    Last Run
-----------------------------------------------  -----  ---------  --------  ----------  --------------  -------------------
/opt/airflow/dags/update_historical_data.py                               1           0  0.09s           2025-07-12T06:21:40
/opt/airflow/dags/initialize_historical_data.py                           1           0  0.09s           2025-07-12T06:21:42
================================================================================
[2025-07-12T06:22:18.950+0000] {manager.py:737} INFO - Searching for files in /opt/airflow/dags
[2025-07-12T06:22:18.952+0000] {manager.py:740} INFO - There are 2 files in /opt/airflow/dags
[2025-07-12T06:22:20.969+0000] {manager.py:878} INFO - 
================================================================================
DAG File Processing Stats

File Path                                        PID    Runtime      # DAGs    # Errors  Last Runtime    Last Run
-----------------------------------------------  -----  ---------  --------  ----------  --------------  -------------------
/opt/airflow/dags/update_historical_data.py                               1           0  0.08s           2025-07-12T06:22:10
/opt/airflow/dags/initialize_historical_data.py                           1           0  0.06s           2025-07-12T06:22:07
================================================================================
[2025-07-12T06:22:51.138+0000] {manager.py:878} INFO - 
================================================================================
DAG File Processing Stats

File Path                                        PID    Runtime      # DAGs    # Errors  Last Runtime    Last Run
-----------------------------------------------  -----  ---------  --------  ----------  --------------  -------------------
/opt/airflow/dags/update_historical_data.py                               1           0  0.08s           2025-07-12T06:22:41
/opt/airflow/dags/initialize_historical_data.py                           1           0  0.07s           2025-07-12T06:22:38
================================================================================
[2025-07-12T06:23:21.283+0000] {manager.py:878} INFO - 
================================================================================
DAG File Processing Stats

File Path                                        PID    Runtime      # DAGs    # Errors  Last Runtime    Last Run
-----------------------------------------------  -----  ---------  --------  ----------  --------------  -------------------
/opt/airflow/dags/update_historical_data.py                               1           0  0.07s           2025-07-12T06:23:11
/opt/airflow/dags/initialize_historical_data.py                           1           0  0.06s           2025-07-12T06:23:08
================================================================================
[2025-07-12T06:23:51.432+0000] {manager.py:878} INFO - 
================================================================================
DAG File Processing Stats

File Path                                        PID    Runtime      # DAGs    # Errors  Last Runtime    Last Run
-----------------------------------------------  -----  ---------  --------  ----------  --------------  -------------------
/opt/airflow/dags/update_historical_data.py                               1           0  0.08s           2025-07-12T06:23:41
/opt/airflow/dags/initialize_historical_data.py                           1           0  0.07s           2025-07-12T06:23:38
================================================================================
[2025-07-12T06:24:21.586+0000] {manager.py:878} INFO - 
================================================================================
DAG File Processing Stats

File Path                                        PID    Runtime      # DAGs    # Errors  Last Runtime    Last Run
-----------------------------------------------  -----  ---------  --------  ----------  --------------  -------------------
/opt/airflow/dags/initialize_historical_data.py                           1           0  0.07s           2025-07-12T06:24:08
/opt/airflow/dags/update_historical_data.py                               1           0  0.07s           2025-07-12T06:24:11
================================================================================
[2025-07-12T06:24:51.740+0000] {manager.py:878} INFO - 
================================================================================
DAG File Processing Stats

File Path                                        PID    Runtime      # DAGs    # Errors  Last Runtime    Last Run
-----------------------------------------------  -----  ---------  --------  ----------  --------------  -------------------
/opt/airflow/dags/update_historical_data.py                               1           0  0.08s           2025-07-12T06:24:41
/opt/airflow/dags/initialize_historical_data.py                           1           0  0.07s           2025-07-12T06:24:38
================================================================================
[2025-07-12T06:25:21.909+0000] {manager.py:878} INFO - 
================================================================================
DAG File Processing Stats

File Path                                        PID    Runtime      # DAGs    # Errors  Last Runtime    Last Run
-----------------------------------------------  -----  ---------  --------  ----------  --------------  -------------------
/opt/airflow/dags/update_historical_data.py                               1           0  0.08s           2025-07-12T06:25:11
/opt/airflow/dags/initialize_historical_data.py                           1           0  0.06s           2025-07-12T06:25:08
================================================================================
[2025-07-12T06:25:52.055+0000] {manager.py:878} INFO - 
================================================================================
DAG File Processing Stats

File Path                                        PID    Runtime      # DAGs    # Errors  Last Runtime    Last Run
-----------------------------------------------  -----  ---------  --------  ----------  --------------  -------------------
/opt/airflow/dags/update_historical_data.py                               1           0  0.08s           2025-07-12T06:25:42
/opt/airflow/dags/initialize_historical_data.py                           1           0  0.07s           2025-07-12T06:25:39
================================================================================
[2025-07-12T06:26:22.198+0000] {manager.py:878} INFO - 
================================================================================
DAG File Processing Stats

File Path                                        PID    Runtime      # DAGs    # Errors  Last Runtime    Last Run
-----------------------------------------------  -----  ---------  --------  ----------  --------------  -------------------
/opt/airflow/dags/update_historical_data.py                               1           0  0.08s           2025-07-12T06:26:12
/opt/airflow/dags/initialize_historical_data.py                           1           0  0.07s           2025-07-12T06:26:09
================================================================================
[2025-07-12T06:26:52.333+0000] {manager.py:878} INFO - 
================================================================================
DAG File Processing Stats

File Path                                        PID    Runtime      # DAGs    # Errors  Last Runtime    Last Run
-----------------------------------------------  -----  ---------  --------  ----------  --------------  -------------------
/opt/airflow/dags/update_historical_data.py                               1           0  0.08s           2025-07-12T06:26:42
/opt/airflow/dags/initialize_historical_data.py                           1           0  0.07s           2025-07-12T06:26:39
================================================================================
[2025-07-12T06:27:19.471+0000] {manager.py:737} INFO - Searching for files in /opt/airflow/dags
[2025-07-12T06:27:19.484+0000] {manager.py:740} INFO - There are 2 files in /opt/airflow/dags
[2025-07-12T06:27:22.519+0000] {manager.py:878} INFO - 
================================================================================
DAG File Processing Stats

File Path                                        PID    Runtime      # DAGs    # Errors  Last Runtime    Last Run
-----------------------------------------------  -----  ---------  --------  ----------  --------------  -------------------
/opt/airflow/dags/update_historical_data.py                               1           0  0.07s           2025-07-12T06:27:12
/opt/airflow/dags/initialize_historical_data.py                           1           0  0.06s           2025-07-12T06:27:09
================================================================================
[2025-07-12T06:27:52.744+0000] {manager.py:878} INFO - 
================================================================================
DAG File Processing Stats

File Path                                        PID    Runtime      # DAGs    # Errors  Last Runtime    Last Run
-----------------------------------------------  -----  ---------  --------  ----------  --------------  -------------------
/opt/airflow/dags/update_historical_data.py                               1           0  0.08s           2025-07-12T06:27:42
/opt/airflow/dags/initialize_historical_data.py                           1           0  0.07s           2025-07-12T06:27:39
================================================================================
[2025-07-12T06:28:22.970+0000] {manager.py:878} INFO - 
================================================================================
DAG File Processing Stats

File Path                                        PID    Runtime      # DAGs    # Errors  Last Runtime    Last Run
-----------------------------------------------  -----  ---------  --------  ----------  --------------  -------------------
/opt/airflow/dags/update_historical_data.py                               1           0  0.10s           2025-07-12T06:28:12
/opt/airflow/dags/initialize_historical_data.py                           1           0  0.08s           2025-07-12T06:28:09
================================================================================
[2025-07-12T06:28:53.175+0000] {manager.py:878} INFO - 
================================================================================
DAG File Processing Stats

File Path                                        PID    Runtime      # DAGs    # Errors  Last Runtime    Last Run
-----------------------------------------------  -----  ---------  --------  ----------  --------------  -------------------
/opt/airflow/dags/update_historical_data.py                               1           0  0.08s           2025-07-12T06:28:43
/opt/airflow/dags/initialize_historical_data.py                           1           0  0.07s           2025-07-12T06:28:40
================================================================================
[2025-07-12T06:29:23.386+0000] {manager.py:878} INFO - 
================================================================================
DAG File Processing Stats

File Path                                        PID    Runtime      # DAGs    # Errors  Last Runtime    Last Run
-----------------------------------------------  -----  ---------  --------  ----------  --------------  -------------------
/opt/airflow/dags/update_historical_data.py                               1           0  0.08s           2025-07-12T06:29:13
/opt/airflow/dags/initialize_historical_data.py                           1           0  0.07s           2025-07-12T06:29:10
================================================================================
[2025-07-12T06:29:53.609+0000] {manager.py:878} INFO - 
================================================================================
DAG File Processing Stats

File Path                                        PID    Runtime      # DAGs    # Errors  Last Runtime    Last Run
-----------------------------------------------  -----  ---------  --------  ----------  --------------  -------------------
/opt/airflow/dags/update_historical_data.py                               1           0  0.08s           2025-07-12T06:29:43
/opt/airflow/dags/initialize_historical_data.py                           1           0  0.08s           2025-07-12T06:29:40
================================================================================
