[2025-07-12T06:18:00.929+0000] {local_task_job_runner.py:120} INFO - ::group::Pre task execution logs
[2025-07-12T06:18:00.967+0000] {taskinstance.py:2076} INFO - Dependencies all met for dep_context=non-requeueable deps ti=<TaskInstance: update_historical_data.update_historical_data manual__2025-07-12T06:18:00.709775+00:00 [queued]>
[2025-07-12T06:18:00.978+0000] {taskinstance.py:2076} INFO - Dependencies all met for dep_context=requeueable deps ti=<TaskInstance: update_historical_data.update_historical_data manual__2025-07-12T06:18:00.709775+00:00 [queued]>
[2025-07-12T06:18:00.979+0000] {taskinstance.py:2306} INFO - Starting attempt 1 of 2
[2025-07-12T06:18:00.987+0000] {taskinstance.py:2330} INFO - Executing <Task(BashOperator): update_historical_data> on 2025-07-12 06:18:00.709775+00:00
[2025-07-12T06:18:00.995+0000] {standard_task_runner.py:90} INFO - Running: ['***', 'tasks', 'run', 'update_historical_data', 'update_historical_data', 'manual__2025-07-12T06:18:00.709775+00:00', '--job-id', '15', '--raw', '--subdir', 'DAGS_FOLDER/update_historical_data.py', '--cfg-path', '/tmp/tmp89q4gasd']
[2025-07-12T06:18:00.996+0000] {standard_task_runner.py:91} INFO - Job 15: Subtask update_historical_data
[2025-07-12T06:18:00.997+0000] {logging_mixin.py:188} WARNING - /home/***/.local/lib/python3.12/site-packages/***/task/task_runner/standard_task_runner.py:61 DeprecationWarning: This process (pid=191) is multi-threaded, use of fork() may lead to deadlocks in the child.
[2025-07-12T06:18:00.997+0000] {standard_task_runner.py:63} INFO - Started process 192 to run task
[2025-07-12T06:18:01.031+0000] {task_command.py:426} INFO - Running <TaskInstance: update_historical_data.update_historical_data manual__2025-07-12T06:18:00.709775+00:00 [running]> on host 397e8f811de3
[2025-07-12T06:18:01.113+0000] {taskinstance.py:2648} INFO - Exporting env vars: AIRFLOW_CTX_DAG_OWNER='***' AIRFLOW_CTX_DAG_ID='update_historical_data' AIRFLOW_CTX_TASK_ID='update_historical_data' AIRFLOW_CTX_EXECUTION_DATE='2025-07-12T06:18:00.709775+00:00' AIRFLOW_CTX_TRY_NUMBER='1' AIRFLOW_CTX_DAG_RUN_ID='manual__2025-07-12T06:18:00.709775+00:00'
[2025-07-12T06:18:01.114+0000] {taskinstance.py:430} INFO - ::endgroup::
[2025-07-12T06:18:01.144+0000] {subprocess.py:63} INFO - Tmp dir root location: /tmp
[2025-07-12T06:18:01.144+0000] {subprocess.py:75} INFO - Running command: ['/usr/bin/bash', '-c', 'docker ps']
[2025-07-12T06:18:01.153+0000] {subprocess.py:86} INFO - Output:
[2025-07-12T06:18:01.169+0000] {subprocess.py:93} INFO - CONTAINER ID   IMAGE                              COMMAND                  CREATED          STATUS                    PORTS                                                                     NAMES
[2025-07-12T06:18:01.170+0000] {subprocess.py:93} INFO - f5d7688bedd0   apr25_bde_int_opa_team_a-dash      "python dash_app.py"     55 seconds ago   Up 53 seconds             0.0.0.0:8050->8050/tcp, :::8050->8050/tcp                                 crypto_dash
[2025-07-12T06:18:01.170+0000] {subprocess.py:93} INFO - 87686122bcc9   apache/***:2.9.1               "/usr/bin/dumb-init …"   55 seconds ago   Up 54 seconds             0.0.0.0:8080->8080/tcp, :::8080->8080/tcp                                 crypto_***
[2025-07-12T06:18:01.170+0000] {subprocess.py:93} INFO - 5ca0a1a3307e   crypto_data_collector              "sleep infinity"         55 seconds ago   Up 54 seconds                                                                                       crypto_data_collector
[2025-07-12T06:18:01.170+0000] {subprocess.py:93} INFO - 6175577be04a   apr25_bde_int_opa_team_a-fastapi   "uvicorn api_user.ma…"   55 seconds ago   Up 54 seconds (healthy)   0.0.0.0:8000->8000/tcp, :::8000->8000/tcp                                 crypto_fastapi
[2025-07-12T06:18:01.170+0000] {subprocess.py:93} INFO - 397e8f811de3   apache/***:2.9.1               "/usr/bin/dumb-init …"   55 seconds ago   Up 54 seconds             8080/tcp                                                                  crypto_***_scheduler
[2025-07-12T06:18:01.170+0000] {subprocess.py:93} INFO - e36ad906e991   bitnami/kafka:3.7                  "/opt/bitnami/script…"   55 seconds ago   Up 54 seconds             0.0.0.0:9092->9092/tcp, :::9092->9092/tcp                                 crypto_kafka
[2025-07-12T06:18:01.170+0000] {subprocess.py:93} INFO - 48312dd0cc05   postgres:15                        "docker-entrypoint.s…"   55 seconds ago   Up 55 seconds             5432/tcp                                                                  crypto_postgres
[2025-07-12T06:18:01.170+0000] {subprocess.py:93} INFO - 873c8e26ba12   bitnami/zookeeper:3.9              "/opt/bitnami/script…"   55 seconds ago   Up 54 seconds             2888/tcp, 3888/tcp, 0.0.0.0:2181->2181/tcp, :::2181->2181/tcp, 8080/tcp   crypto_zookeeper
[2025-07-12T06:18:01.171+0000] {subprocess.py:93} INFO - f22cd9a8e87c   mongo:7.0                          "docker-entrypoint.s…"   55 seconds ago   Up 55 seconds (healthy)   0.0.0.0:27017->27017/tcp, :::27017->27017/tcp                             crypto_mongo
[2025-07-12T06:18:01.171+0000] {subprocess.py:97} INFO - Command exited with return code 0
[2025-07-12T06:18:01.171+0000] {taskinstance.py:441} INFO - ::group::Post task execution logs
[2025-07-12T06:18:01.194+0000] {taskinstance.py:1206} INFO - Marking task as SUCCESS. dag_id=update_historical_data, task_id=update_historical_data, run_id=manual__2025-07-12T06:18:00.709775+00:00, execution_date=20250712T061800, start_date=20250712T061800, end_date=20250712T061801
[2025-07-12T06:18:01.250+0000] {local_task_job_runner.py:240} INFO - Task exited with return code 0
[2025-07-12T06:18:01.269+0000] {taskinstance.py:3498} INFO - 0 downstream tasks scheduled from follow-on schedule check
[2025-07-12T06:18:01.271+0000] {local_task_job_runner.py:222} INFO - ::endgroup::
