[2025-07-12T05:45:49.306+0000] {processor.py:161} INFO - Started process (PID=193) to work on /opt/airflow/dags/initialize_historical_data.py
[2025-07-12T05:45:49.307+0000] {processor.py:830} INFO - Processing file /opt/airflow/dags/initialize_historical_data.py for tasks to queue
[2025-07-12T05:45:49.309+0000] {logging_mixin.py:188} INFO - [2025-07-12T05:45:49.308+0000] {dagbag.py:545} INFO - Filling up the DagBag from /opt/airflow/dags/initialize_historical_data.py
[2025-07-12T05:45:49.316+0000] {processor.py:840} INFO - DAG(s) 'initialize_historical_data' retrieved from /opt/airflow/dags/initialize_historical_data.py
[2025-07-12T05:45:49.466+0000] {logging_mixin.py:188} INFO - [2025-07-12T05:45:49.465+0000] {dag.py:3096} INFO - Sync 1 DAGs
[2025-07-12T05:45:49.476+0000] {logging_mixin.py:188} INFO - [2025-07-12T05:45:49.476+0000] {dag.py:3954} INFO - Setting next_dagrun for initialize_historical_data to None, run_after=None
[2025-07-12T05:45:49.494+0000] {processor.py:183} INFO - Processing /opt/airflow/dags/initialize_historical_data.py took 0.194 seconds
[2025-07-12T05:46:19.663+0000] {processor.py:161} INFO - Started process (PID=263) to work on /opt/airflow/dags/initialize_historical_data.py
[2025-07-12T05:46:19.672+0000] {processor.py:830} INFO - Processing file /opt/airflow/dags/initialize_historical_data.py for tasks to queue
[2025-07-12T05:46:19.673+0000] {logging_mixin.py:188} INFO - [2025-07-12T05:46:19.673+0000] {dagbag.py:545} INFO - Filling up the DagBag from /opt/airflow/dags/initialize_historical_data.py
[2025-07-12T05:46:19.682+0000] {processor.py:840} INFO - DAG(s) 'initialize_historical_data' retrieved from /opt/airflow/dags/initialize_historical_data.py
[2025-07-12T05:46:19.700+0000] {logging_mixin.py:188} INFO - [2025-07-12T05:46:19.700+0000] {dag.py:3096} INFO - Sync 1 DAGs
[2025-07-12T05:46:19.708+0000] {logging_mixin.py:188} INFO - [2025-07-12T05:46:19.708+0000] {dag.py:3954} INFO - Setting next_dagrun for initialize_historical_data to None, run_after=None
[2025-07-12T05:46:19.719+0000] {processor.py:183} INFO - Processing /opt/airflow/dags/initialize_historical_data.py took 0.060 seconds
[2025-07-12T05:46:49.877+0000] {processor.py:161} INFO - Started process (PID=273) to work on /opt/airflow/dags/initialize_historical_data.py
[2025-07-12T05:46:49.878+0000] {processor.py:830} INFO - Processing file /opt/airflow/dags/initialize_historical_data.py for tasks to queue
[2025-07-12T05:46:49.878+0000] {logging_mixin.py:188} INFO - [2025-07-12T05:46:49.878+0000] {dagbag.py:545} INFO - Filling up the DagBag from /opt/airflow/dags/initialize_historical_data.py
[2025-07-12T05:46:49.883+0000] {processor.py:840} INFO - DAG(s) 'initialize_historical_data' retrieved from /opt/airflow/dags/initialize_historical_data.py
[2025-07-12T05:46:49.901+0000] {logging_mixin.py:188} INFO - [2025-07-12T05:46:49.901+0000] {dag.py:3096} INFO - Sync 1 DAGs
[2025-07-12T05:46:49.909+0000] {logging_mixin.py:188} INFO - [2025-07-12T05:46:49.909+0000] {dag.py:3954} INFO - Setting next_dagrun for initialize_historical_data to None, run_after=None
[2025-07-12T05:46:49.920+0000] {processor.py:183} INFO - Processing /opt/airflow/dags/initialize_historical_data.py took 0.047 seconds
[2025-07-12T05:47:20.092+0000] {processor.py:161} INFO - Started process (PID=285) to work on /opt/airflow/dags/initialize_historical_data.py
[2025-07-12T05:47:20.093+0000] {processor.py:830} INFO - Processing file /opt/airflow/dags/initialize_historical_data.py for tasks to queue
[2025-07-12T05:47:20.095+0000] {logging_mixin.py:188} INFO - [2025-07-12T05:47:20.095+0000] {dagbag.py:545} INFO - Filling up the DagBag from /opt/airflow/dags/initialize_historical_data.py
[2025-07-12T05:47:20.102+0000] {processor.py:840} INFO - DAG(s) 'initialize_historical_data' retrieved from /opt/airflow/dags/initialize_historical_data.py
[2025-07-12T05:47:20.122+0000] {logging_mixin.py:188} INFO - [2025-07-12T05:47:20.122+0000] {dag.py:3096} INFO - Sync 1 DAGs
[2025-07-12T05:47:20.131+0000] {logging_mixin.py:188} INFO - [2025-07-12T05:47:20.130+0000] {dag.py:3954} INFO - Setting next_dagrun for initialize_historical_data to None, run_after=None
[2025-07-12T05:47:20.143+0000] {processor.py:183} INFO - Processing /opt/airflow/dags/initialize_historical_data.py took 0.060 seconds
[2025-07-12T05:47:50.290+0000] {processor.py:161} INFO - Started process (PID=308) to work on /opt/airflow/dags/initialize_historical_data.py
[2025-07-12T05:47:50.300+0000] {processor.py:830} INFO - Processing file /opt/airflow/dags/initialize_historical_data.py for tasks to queue
[2025-07-12T05:47:50.303+0000] {logging_mixin.py:188} INFO - [2025-07-12T05:47:50.302+0000] {dagbag.py:545} INFO - Filling up the DagBag from /opt/airflow/dags/initialize_historical_data.py
[2025-07-12T05:47:50.310+0000] {processor.py:840} INFO - DAG(s) 'initialize_historical_data' retrieved from /opt/airflow/dags/initialize_historical_data.py
[2025-07-12T05:47:50.327+0000] {logging_mixin.py:188} INFO - [2025-07-12T05:47:50.327+0000] {dag.py:3096} INFO - Sync 1 DAGs
[2025-07-12T05:47:50.335+0000] {logging_mixin.py:188} INFO - [2025-07-12T05:47:50.335+0000] {dag.py:3954} INFO - Setting next_dagrun for initialize_historical_data to None, run_after=None
[2025-07-12T05:47:50.346+0000] {processor.py:183} INFO - Processing /opt/airflow/dags/initialize_historical_data.py took 0.060 seconds
[2025-07-12T05:48:20.511+0000] {processor.py:161} INFO - Started process (PID=318) to work on /opt/airflow/dags/initialize_historical_data.py
[2025-07-12T05:48:20.512+0000] {processor.py:830} INFO - Processing file /opt/airflow/dags/initialize_historical_data.py for tasks to queue
[2025-07-12T05:48:20.514+0000] {logging_mixin.py:188} INFO - [2025-07-12T05:48:20.513+0000] {dagbag.py:545} INFO - Filling up the DagBag from /opt/airflow/dags/initialize_historical_data.py
[2025-07-12T05:48:20.519+0000] {processor.py:840} INFO - DAG(s) 'initialize_historical_data' retrieved from /opt/airflow/dags/initialize_historical_data.py
[2025-07-12T05:48:20.536+0000] {logging_mixin.py:188} INFO - [2025-07-12T05:48:20.536+0000] {dag.py:3096} INFO - Sync 1 DAGs
[2025-07-12T05:48:20.544+0000] {logging_mixin.py:188} INFO - [2025-07-12T05:48:20.544+0000] {dag.py:3954} INFO - Setting next_dagrun for initialize_historical_data to None, run_after=None
[2025-07-12T05:48:20.554+0000] {processor.py:183} INFO - Processing /opt/airflow/dags/initialize_historical_data.py took 0.049 seconds
[2025-07-12T05:48:50.731+0000] {processor.py:161} INFO - Started process (PID=328) to work on /opt/airflow/dags/initialize_historical_data.py
[2025-07-12T05:48:50.741+0000] {processor.py:830} INFO - Processing file /opt/airflow/dags/initialize_historical_data.py for tasks to queue
[2025-07-12T05:48:50.745+0000] {logging_mixin.py:188} INFO - [2025-07-12T05:48:50.744+0000] {dagbag.py:545} INFO - Filling up the DagBag from /opt/airflow/dags/initialize_historical_data.py
[2025-07-12T05:48:50.755+0000] {processor.py:840} INFO - DAG(s) 'initialize_historical_data' retrieved from /opt/airflow/dags/initialize_historical_data.py
[2025-07-12T05:48:50.772+0000] {logging_mixin.py:188} INFO - [2025-07-12T05:48:50.772+0000] {dag.py:3096} INFO - Sync 1 DAGs
[2025-07-12T05:48:50.780+0000] {logging_mixin.py:188} INFO - [2025-07-12T05:48:50.780+0000] {dag.py:3954} INFO - Setting next_dagrun for initialize_historical_data to None, run_after=None
[2025-07-12T05:48:50.790+0000] {processor.py:183} INFO - Processing /opt/airflow/dags/initialize_historical_data.py took 0.065 seconds
[2025-07-12T05:49:20.945+0000] {processor.py:161} INFO - Started process (PID=338) to work on /opt/airflow/dags/initialize_historical_data.py
[2025-07-12T05:49:20.956+0000] {processor.py:830} INFO - Processing file /opt/airflow/dags/initialize_historical_data.py for tasks to queue
[2025-07-12T05:49:20.959+0000] {logging_mixin.py:188} INFO - [2025-07-12T05:49:20.958+0000] {dagbag.py:545} INFO - Filling up the DagBag from /opt/airflow/dags/initialize_historical_data.py
[2025-07-12T05:49:20.967+0000] {processor.py:840} INFO - DAG(s) 'initialize_historical_data' retrieved from /opt/airflow/dags/initialize_historical_data.py
[2025-07-12T05:49:20.984+0000] {logging_mixin.py:188} INFO - [2025-07-12T05:49:20.984+0000] {dag.py:3096} INFO - Sync 1 DAGs
[2025-07-12T05:49:20.992+0000] {logging_mixin.py:188} INFO - [2025-07-12T05:49:20.992+0000] {dag.py:3954} INFO - Setting next_dagrun for initialize_historical_data to None, run_after=None
[2025-07-12T05:49:21.002+0000] {processor.py:183} INFO - Processing /opt/airflow/dags/initialize_historical_data.py took 0.064 seconds
[2025-07-12T05:49:51.167+0000] {processor.py:161} INFO - Started process (PID=348) to work on /opt/airflow/dags/initialize_historical_data.py
[2025-07-12T05:49:51.178+0000] {processor.py:830} INFO - Processing file /opt/airflow/dags/initialize_historical_data.py for tasks to queue
[2025-07-12T05:49:51.181+0000] {logging_mixin.py:188} INFO - [2025-07-12T05:49:51.181+0000] {dagbag.py:545} INFO - Filling up the DagBag from /opt/airflow/dags/initialize_historical_data.py
[2025-07-12T05:49:51.190+0000] {processor.py:840} INFO - DAG(s) 'initialize_historical_data' retrieved from /opt/airflow/dags/initialize_historical_data.py
[2025-07-12T05:49:51.207+0000] {logging_mixin.py:188} INFO - [2025-07-12T05:49:51.207+0000] {dag.py:3096} INFO - Sync 1 DAGs
[2025-07-12T05:49:51.215+0000] {logging_mixin.py:188} INFO - [2025-07-12T05:49:51.215+0000] {dag.py:3954} INFO - Setting next_dagrun for initialize_historical_data to None, run_after=None
[2025-07-12T05:49:51.226+0000] {processor.py:183} INFO - Processing /opt/airflow/dags/initialize_historical_data.py took 0.065 seconds
[2025-07-12T05:50:21.363+0000] {processor.py:161} INFO - Started process (PID=358) to work on /opt/airflow/dags/initialize_historical_data.py
[2025-07-12T05:50:21.374+0000] {processor.py:830} INFO - Processing file /opt/airflow/dags/initialize_historical_data.py for tasks to queue
[2025-07-12T05:50:21.377+0000] {logging_mixin.py:188} INFO - [2025-07-12T05:50:21.376+0000] {dagbag.py:545} INFO - Filling up the DagBag from /opt/airflow/dags/initialize_historical_data.py
[2025-07-12T05:50:21.385+0000] {processor.py:840} INFO - DAG(s) 'initialize_historical_data' retrieved from /opt/airflow/dags/initialize_historical_data.py
[2025-07-12T05:50:21.404+0000] {logging_mixin.py:188} INFO - [2025-07-12T05:50:21.403+0000] {dag.py:3096} INFO - Sync 1 DAGs
[2025-07-12T05:50:21.412+0000] {logging_mixin.py:188} INFO - [2025-07-12T05:50:21.412+0000] {dag.py:3954} INFO - Setting next_dagrun for initialize_historical_data to None, run_after=None
[2025-07-12T05:50:21.425+0000] {processor.py:183} INFO - Processing /opt/airflow/dags/initialize_historical_data.py took 0.068 seconds
[2025-07-12T05:50:51.583+0000] {processor.py:161} INFO - Started process (PID=368) to work on /opt/airflow/dags/initialize_historical_data.py
[2025-07-12T05:50:51.593+0000] {processor.py:830} INFO - Processing file /opt/airflow/dags/initialize_historical_data.py for tasks to queue
[2025-07-12T05:50:51.594+0000] {logging_mixin.py:188} INFO - [2025-07-12T05:50:51.594+0000] {dagbag.py:545} INFO - Filling up the DagBag from /opt/airflow/dags/initialize_historical_data.py
[2025-07-12T05:50:51.600+0000] {processor.py:840} INFO - DAG(s) 'initialize_historical_data' retrieved from /opt/airflow/dags/initialize_historical_data.py
[2025-07-12T05:50:51.623+0000] {logging_mixin.py:188} INFO - [2025-07-12T05:50:51.623+0000] {dag.py:3096} INFO - Sync 1 DAGs
[2025-07-12T05:50:51.633+0000] {logging_mixin.py:188} INFO - [2025-07-12T05:50:51.633+0000] {dag.py:3954} INFO - Setting next_dagrun for initialize_historical_data to None, run_after=None
[2025-07-12T05:50:51.646+0000] {processor.py:183} INFO - Processing /opt/airflow/dags/initialize_historical_data.py took 0.067 seconds
[2025-07-12T06:12:39.566+0000] {processor.py:161} INFO - Started process (PID=166) to work on /opt/airflow/dags/initialize_historical_data.py
[2025-07-12T06:12:39.566+0000] {processor.py:830} INFO - Processing file /opt/airflow/dags/initialize_historical_data.py for tasks to queue
[2025-07-12T06:12:39.567+0000] {logging_mixin.py:188} INFO - [2025-07-12T06:12:39.567+0000] {dagbag.py:545} INFO - Filling up the DagBag from /opt/airflow/dags/initialize_historical_data.py
[2025-07-12T06:12:39.572+0000] {processor.py:840} INFO - DAG(s) 'initialize_historical_data' retrieved from /opt/airflow/dags/initialize_historical_data.py
[2025-07-12T06:12:39.756+0000] {logging_mixin.py:188} INFO - [2025-07-12T06:12:39.756+0000] {dag.py:3096} INFO - Sync 1 DAGs
[2025-07-12T06:12:39.763+0000] {logging_mixin.py:188} INFO - [2025-07-12T06:12:39.763+0000] {dag.py:3954} INFO - Setting next_dagrun for initialize_historical_data to None, run_after=None
[2025-07-12T06:12:39.774+0000] {processor.py:183} INFO - Processing /opt/airflow/dags/initialize_historical_data.py took 0.212 seconds
[2025-07-12T06:13:09.931+0000] {processor.py:161} INFO - Started process (PID=189) to work on /opt/airflow/dags/initialize_historical_data.py
[2025-07-12T06:13:09.931+0000] {processor.py:830} INFO - Processing file /opt/airflow/dags/initialize_historical_data.py for tasks to queue
[2025-07-12T06:13:09.932+0000] {logging_mixin.py:188} INFO - [2025-07-12T06:13:09.932+0000] {dagbag.py:545} INFO - Filling up the DagBag from /opt/airflow/dags/initialize_historical_data.py
[2025-07-12T06:13:09.939+0000] {processor.py:840} INFO - DAG(s) 'initialize_historical_data' retrieved from /opt/airflow/dags/initialize_historical_data.py
[2025-07-12T06:13:09.959+0000] {logging_mixin.py:188} INFO - [2025-07-12T06:13:09.959+0000] {dag.py:3096} INFO - Sync 1 DAGs
[2025-07-12T06:13:09.968+0000] {logging_mixin.py:188} INFO - [2025-07-12T06:13:09.968+0000] {dag.py:3954} INFO - Setting next_dagrun for initialize_historical_data to None, run_after=None
[2025-07-12T06:13:09.982+0000] {processor.py:183} INFO - Processing /opt/airflow/dags/initialize_historical_data.py took 0.057 seconds
[2025-07-12T06:13:40.132+0000] {processor.py:161} INFO - Started process (PID=199) to work on /opt/airflow/dags/initialize_historical_data.py
[2025-07-12T06:13:40.132+0000] {processor.py:830} INFO - Processing file /opt/airflow/dags/initialize_historical_data.py for tasks to queue
[2025-07-12T06:13:40.133+0000] {logging_mixin.py:188} INFO - [2025-07-12T06:13:40.133+0000] {dagbag.py:545} INFO - Filling up the DagBag from /opt/airflow/dags/initialize_historical_data.py
[2025-07-12T06:13:40.139+0000] {processor.py:840} INFO - DAG(s) 'initialize_historical_data' retrieved from /opt/airflow/dags/initialize_historical_data.py
[2025-07-12T06:13:40.159+0000] {logging_mixin.py:188} INFO - [2025-07-12T06:13:40.159+0000] {dag.py:3096} INFO - Sync 1 DAGs
[2025-07-12T06:13:40.168+0000] {logging_mixin.py:188} INFO - [2025-07-12T06:13:40.168+0000] {dag.py:3954} INFO - Setting next_dagrun for initialize_historical_data to None, run_after=None
[2025-07-12T06:13:40.181+0000] {processor.py:183} INFO - Processing /opt/airflow/dags/initialize_historical_data.py took 0.052 seconds
[2025-07-12T06:14:10.335+0000] {processor.py:161} INFO - Started process (PID=209) to work on /opt/airflow/dags/initialize_historical_data.py
[2025-07-12T06:14:10.335+0000] {processor.py:830} INFO - Processing file /opt/airflow/dags/initialize_historical_data.py for tasks to queue
[2025-07-12T06:14:10.337+0000] {logging_mixin.py:188} INFO - [2025-07-12T06:14:10.336+0000] {dagbag.py:545} INFO - Filling up the DagBag from /opt/airflow/dags/initialize_historical_data.py
[2025-07-12T06:14:10.342+0000] {processor.py:840} INFO - DAG(s) 'initialize_historical_data' retrieved from /opt/airflow/dags/initialize_historical_data.py
[2025-07-12T06:14:10.361+0000] {logging_mixin.py:188} INFO - [2025-07-12T06:14:10.360+0000] {dag.py:3096} INFO - Sync 1 DAGs
[2025-07-12T06:14:10.369+0000] {logging_mixin.py:188} INFO - [2025-07-12T06:14:10.369+0000] {dag.py:3954} INFO - Setting next_dagrun for initialize_historical_data to None, run_after=None
[2025-07-12T06:14:10.383+0000] {processor.py:183} INFO - Processing /opt/airflow/dags/initialize_historical_data.py took 0.052 seconds
[2025-07-12T06:14:40.543+0000] {processor.py:161} INFO - Started process (PID=219) to work on /opt/airflow/dags/initialize_historical_data.py
[2025-07-12T06:14:40.550+0000] {processor.py:830} INFO - Processing file /opt/airflow/dags/initialize_historical_data.py for tasks to queue
[2025-07-12T06:14:40.553+0000] {logging_mixin.py:188} INFO - [2025-07-12T06:14:40.552+0000] {dagbag.py:545} INFO - Filling up the DagBag from /opt/airflow/dags/initialize_historical_data.py
[2025-07-12T06:14:40.560+0000] {processor.py:840} INFO - DAG(s) 'initialize_historical_data' retrieved from /opt/airflow/dags/initialize_historical_data.py
[2025-07-12T06:14:40.584+0000] {logging_mixin.py:188} INFO - [2025-07-12T06:14:40.584+0000] {dag.py:3096} INFO - Sync 1 DAGs
[2025-07-12T06:14:40.592+0000] {logging_mixin.py:188} INFO - [2025-07-12T06:14:40.592+0000] {dag.py:3954} INFO - Setting next_dagrun for initialize_historical_data to None, run_after=None
[2025-07-12T06:14:40.605+0000] {processor.py:183} INFO - Processing /opt/airflow/dags/initialize_historical_data.py took 0.066 seconds
[2025-07-12T06:15:10.771+0000] {processor.py:161} INFO - Started process (PID=229) to work on /opt/airflow/dags/initialize_historical_data.py
[2025-07-12T06:15:10.778+0000] {processor.py:830} INFO - Processing file /opt/airflow/dags/initialize_historical_data.py for tasks to queue
[2025-07-12T06:15:10.780+0000] {logging_mixin.py:188} INFO - [2025-07-12T06:15:10.780+0000] {dagbag.py:545} INFO - Filling up the DagBag from /opt/airflow/dags/initialize_historical_data.py
[2025-07-12T06:15:10.787+0000] {processor.py:840} INFO - DAG(s) 'initialize_historical_data' retrieved from /opt/airflow/dags/initialize_historical_data.py
[2025-07-12T06:15:10.806+0000] {logging_mixin.py:188} INFO - [2025-07-12T06:15:10.806+0000] {dag.py:3096} INFO - Sync 1 DAGs
[2025-07-12T06:15:10.815+0000] {logging_mixin.py:188} INFO - [2025-07-12T06:15:10.815+0000] {dag.py:3954} INFO - Setting next_dagrun for initialize_historical_data to None, run_after=None
[2025-07-12T06:15:10.828+0000] {processor.py:183} INFO - Processing /opt/airflow/dags/initialize_historical_data.py took 0.060 seconds
[2025-07-12T06:15:40.999+0000] {processor.py:161} INFO - Started process (PID=251) to work on /opt/airflow/dags/initialize_historical_data.py
[2025-07-12T06:15:41.005+0000] {processor.py:830} INFO - Processing file /opt/airflow/dags/initialize_historical_data.py for tasks to queue
[2025-07-12T06:15:41.008+0000] {logging_mixin.py:188} INFO - [2025-07-12T06:15:41.007+0000] {dagbag.py:545} INFO - Filling up the DagBag from /opt/airflow/dags/initialize_historical_data.py
[2025-07-12T06:15:41.015+0000] {processor.py:840} INFO - DAG(s) 'initialize_historical_data' retrieved from /opt/airflow/dags/initialize_historical_data.py
[2025-07-12T06:15:41.034+0000] {logging_mixin.py:188} INFO - [2025-07-12T06:15:41.034+0000] {dag.py:3096} INFO - Sync 1 DAGs
[2025-07-12T06:15:41.043+0000] {logging_mixin.py:188} INFO - [2025-07-12T06:15:41.043+0000] {dag.py:3954} INFO - Setting next_dagrun for initialize_historical_data to None, run_after=None
[2025-07-12T06:15:41.054+0000] {processor.py:183} INFO - Processing /opt/airflow/dags/initialize_historical_data.py took 0.059 seconds
[2025-07-12T06:16:11.201+0000] {processor.py:161} INFO - Started process (PID=261) to work on /opt/airflow/dags/initialize_historical_data.py
[2025-07-12T06:16:11.201+0000] {processor.py:830} INFO - Processing file /opt/airflow/dags/initialize_historical_data.py for tasks to queue
[2025-07-12T06:16:11.203+0000] {logging_mixin.py:188} INFO - [2025-07-12T06:16:11.203+0000] {dagbag.py:545} INFO - Filling up the DagBag from /opt/airflow/dags/initialize_historical_data.py
[2025-07-12T06:16:11.209+0000] {processor.py:840} INFO - DAG(s) 'initialize_historical_data' retrieved from /opt/airflow/dags/initialize_historical_data.py
[2025-07-12T06:16:11.229+0000] {logging_mixin.py:188} INFO - [2025-07-12T06:16:11.229+0000] {dag.py:3096} INFO - Sync 1 DAGs
[2025-07-12T06:16:11.238+0000] {logging_mixin.py:188} INFO - [2025-07-12T06:16:11.237+0000] {dag.py:3954} INFO - Setting next_dagrun for initialize_historical_data to None, run_after=None
[2025-07-12T06:16:11.250+0000] {processor.py:183} INFO - Processing /opt/airflow/dags/initialize_historical_data.py took 0.053 seconds
[2025-07-12T06:16:41.406+0000] {processor.py:161} INFO - Started process (PID=271) to work on /opt/airflow/dags/initialize_historical_data.py
[2025-07-12T06:16:41.413+0000] {processor.py:830} INFO - Processing file /opt/airflow/dags/initialize_historical_data.py for tasks to queue
[2025-07-12T06:16:41.415+0000] {logging_mixin.py:188} INFO - [2025-07-12T06:16:41.414+0000] {dagbag.py:545} INFO - Filling up the DagBag from /opt/airflow/dags/initialize_historical_data.py
[2025-07-12T06:16:41.423+0000] {processor.py:840} INFO - DAG(s) 'initialize_historical_data' retrieved from /opt/airflow/dags/initialize_historical_data.py
[2025-07-12T06:16:41.442+0000] {logging_mixin.py:188} INFO - [2025-07-12T06:16:41.441+0000] {dag.py:3096} INFO - Sync 1 DAGs
[2025-07-12T06:16:41.449+0000] {logging_mixin.py:188} INFO - [2025-07-12T06:16:41.449+0000] {dag.py:3954} INFO - Setting next_dagrun for initialize_historical_data to None, run_after=None
[2025-07-12T06:16:41.461+0000] {processor.py:183} INFO - Processing /opt/airflow/dags/initialize_historical_data.py took 0.059 seconds
[2025-07-12T06:17:18.473+0000] {processor.py:161} INFO - Started process (PID=167) to work on /opt/airflow/dags/initialize_historical_data.py
[2025-07-12T06:17:18.474+0000] {processor.py:830} INFO - Processing file /opt/airflow/dags/initialize_historical_data.py for tasks to queue
[2025-07-12T06:17:18.475+0000] {logging_mixin.py:188} INFO - [2025-07-12T06:17:18.475+0000] {dagbag.py:545} INFO - Filling up the DagBag from /opt/airflow/dags/initialize_historical_data.py
[2025-07-12T06:17:18.486+0000] {processor.py:840} INFO - DAG(s) 'initialize_historical_data' retrieved from /opt/airflow/dags/initialize_historical_data.py
[2025-07-12T06:17:18.516+0000] {logging_mixin.py:188} INFO - [2025-07-12T06:17:18.516+0000] {dag.py:3096} INFO - Sync 1 DAGs
[2025-07-12T06:17:18.531+0000] {logging_mixin.py:188} INFO - [2025-07-12T06:17:18.530+0000] {dag.py:3954} INFO - Setting next_dagrun for initialize_historical_data to None, run_after=None
[2025-07-12T06:17:18.553+0000] {processor.py:183} INFO - Processing /opt/airflow/dags/initialize_historical_data.py took 0.089 seconds
[2025-07-12T06:17:48.698+0000] {processor.py:161} INFO - Started process (PID=184) to work on /opt/airflow/dags/initialize_historical_data.py
[2025-07-12T06:17:48.699+0000] {processor.py:830} INFO - Processing file /opt/airflow/dags/initialize_historical_data.py for tasks to queue
[2025-07-12T06:17:48.700+0000] {logging_mixin.py:188} INFO - [2025-07-12T06:17:48.699+0000] {dagbag.py:545} INFO - Filling up the DagBag from /opt/airflow/dags/initialize_historical_data.py
[2025-07-12T06:17:48.705+0000] {processor.py:840} INFO - DAG(s) 'initialize_historical_data' retrieved from /opt/airflow/dags/initialize_historical_data.py
[2025-07-12T06:17:48.883+0000] {logging_mixin.py:188} INFO - [2025-07-12T06:17:48.882+0000] {dag.py:3096} INFO - Sync 1 DAGs
[2025-07-12T06:17:48.891+0000] {logging_mixin.py:188} INFO - [2025-07-12T06:17:48.890+0000] {dag.py:3954} INFO - Setting next_dagrun for initialize_historical_data to None, run_after=None
[2025-07-12T06:17:48.905+0000] {processor.py:183} INFO - Processing /opt/airflow/dags/initialize_historical_data.py took 0.211 seconds
[2025-07-12T06:18:19.072+0000] {processor.py:161} INFO - Started process (PID=206) to work on /opt/airflow/dags/initialize_historical_data.py
[2025-07-12T06:18:19.079+0000] {processor.py:830} INFO - Processing file /opt/airflow/dags/initialize_historical_data.py for tasks to queue
[2025-07-12T06:18:19.082+0000] {logging_mixin.py:188} INFO - [2025-07-12T06:18:19.081+0000] {dagbag.py:545} INFO - Filling up the DagBag from /opt/airflow/dags/initialize_historical_data.py
[2025-07-12T06:18:19.092+0000] {processor.py:840} INFO - DAG(s) 'initialize_historical_data' retrieved from /opt/airflow/dags/initialize_historical_data.py
[2025-07-12T06:18:19.110+0000] {logging_mixin.py:188} INFO - [2025-07-12T06:18:19.110+0000] {dag.py:3096} INFO - Sync 1 DAGs
[2025-07-12T06:18:19.119+0000] {logging_mixin.py:188} INFO - [2025-07-12T06:18:19.119+0000] {dag.py:3954} INFO - Setting next_dagrun for initialize_historical_data to None, run_after=None
[2025-07-12T06:18:19.130+0000] {processor.py:183} INFO - Processing /opt/airflow/dags/initialize_historical_data.py took 0.062 seconds
[2025-07-12T06:18:49.288+0000] {processor.py:161} INFO - Started process (PID=218) to work on /opt/airflow/dags/initialize_historical_data.py
[2025-07-12T06:18:49.288+0000] {processor.py:830} INFO - Processing file /opt/airflow/dags/initialize_historical_data.py for tasks to queue
[2025-07-12T06:18:49.290+0000] {logging_mixin.py:188} INFO - [2025-07-12T06:18:49.290+0000] {dagbag.py:545} INFO - Filling up the DagBag from /opt/airflow/dags/initialize_historical_data.py
[2025-07-12T06:18:49.296+0000] {processor.py:840} INFO - DAG(s) 'initialize_historical_data' retrieved from /opt/airflow/dags/initialize_historical_data.py
[2025-07-12T06:18:49.318+0000] {logging_mixin.py:188} INFO - [2025-07-12T06:18:49.318+0000] {dag.py:3096} INFO - Sync 1 DAGs
[2025-07-12T06:18:49.329+0000] {logging_mixin.py:188} INFO - [2025-07-12T06:18:49.329+0000] {dag.py:3954} INFO - Setting next_dagrun for initialize_historical_data to None, run_after=None
[2025-07-12T06:18:49.342+0000] {processor.py:183} INFO - Processing /opt/airflow/dags/initialize_historical_data.py took 0.059 seconds
[2025-07-12T06:19:19.572+0000] {processor.py:161} INFO - Started process (PID=238) to work on /opt/airflow/dags/initialize_historical_data.py
[2025-07-12T06:19:19.573+0000] {processor.py:830} INFO - Processing file /opt/airflow/dags/initialize_historical_data.py for tasks to queue
[2025-07-12T06:19:19.576+0000] {logging_mixin.py:188} INFO - [2025-07-12T06:19:19.576+0000] {dagbag.py:545} INFO - Filling up the DagBag from /opt/airflow/dags/initialize_historical_data.py
[2025-07-12T06:19:19.581+0000] {processor.py:840} INFO - DAG(s) 'initialize_historical_data' retrieved from /opt/airflow/dags/initialize_historical_data.py
[2025-07-12T06:19:19.597+0000] {logging_mixin.py:188} INFO - [2025-07-12T06:19:19.597+0000] {dag.py:3096} INFO - Sync 1 DAGs
[2025-07-12T06:19:19.605+0000] {logging_mixin.py:188} INFO - [2025-07-12T06:19:19.605+0000] {dag.py:3954} INFO - Setting next_dagrun for initialize_historical_data to None, run_after=None
[2025-07-12T06:19:19.615+0000] {processor.py:183} INFO - Processing /opt/airflow/dags/initialize_historical_data.py took 0.050 seconds
[2025-07-12T06:19:36.697+0000] {processor.py:161} INFO - Started process (PID=243) to work on /opt/airflow/dags/initialize_historical_data.py
[2025-07-12T06:19:36.699+0000] {processor.py:830} INFO - Processing file /opt/airflow/dags/initialize_historical_data.py for tasks to queue
[2025-07-12T06:19:36.701+0000] {logging_mixin.py:188} INFO - [2025-07-12T06:19:36.700+0000] {dagbag.py:545} INFO - Filling up the DagBag from /opt/airflow/dags/initialize_historical_data.py
[2025-07-12T06:19:36.708+0000] {processor.py:840} INFO - DAG(s) 'initialize_historical_data' retrieved from /opt/airflow/dags/initialize_historical_data.py
[2025-07-12T06:19:36.725+0000] {logging_mixin.py:188} INFO - [2025-07-12T06:19:36.724+0000] {dag.py:3096} INFO - Sync 1 DAGs
[2025-07-12T06:19:36.732+0000] {logging_mixin.py:188} INFO - [2025-07-12T06:19:36.732+0000] {dag.py:3954} INFO - Setting next_dagrun for initialize_historical_data to None, run_after=None
[2025-07-12T06:19:36.744+0000] {processor.py:183} INFO - Processing /opt/airflow/dags/initialize_historical_data.py took 0.054 seconds
[2025-07-12T06:20:06.883+0000] {processor.py:161} INFO - Started process (PID=253) to work on /opt/airflow/dags/initialize_historical_data.py
[2025-07-12T06:20:06.894+0000] {processor.py:830} INFO - Processing file /opt/airflow/dags/initialize_historical_data.py for tasks to queue
[2025-07-12T06:20:06.896+0000] {logging_mixin.py:188} INFO - [2025-07-12T06:20:06.895+0000] {dagbag.py:545} INFO - Filling up the DagBag from /opt/airflow/dags/initialize_historical_data.py
[2025-07-12T06:20:06.902+0000] {processor.py:840} INFO - DAG(s) 'initialize_historical_data' retrieved from /opt/airflow/dags/initialize_historical_data.py
[2025-07-12T06:20:06.922+0000] {logging_mixin.py:188} INFO - [2025-07-12T06:20:06.922+0000] {dag.py:3096} INFO - Sync 1 DAGs
[2025-07-12T06:20:06.932+0000] {logging_mixin.py:188} INFO - [2025-07-12T06:20:06.932+0000] {dag.py:3954} INFO - Setting next_dagrun for initialize_historical_data to None, run_after=None
[2025-07-12T06:20:06.944+0000] {processor.py:183} INFO - Processing /opt/airflow/dags/initialize_historical_data.py took 0.065 seconds
[2025-07-12T06:20:37.115+0000] {processor.py:161} INFO - Started process (PID=263) to work on /opt/airflow/dags/initialize_historical_data.py
[2025-07-12T06:20:37.117+0000] {processor.py:830} INFO - Processing file /opt/airflow/dags/initialize_historical_data.py for tasks to queue
[2025-07-12T06:20:37.118+0000] {logging_mixin.py:188} INFO - [2025-07-12T06:20:37.118+0000] {dagbag.py:545} INFO - Filling up the DagBag from /opt/airflow/dags/initialize_historical_data.py
[2025-07-12T06:20:37.125+0000] {processor.py:840} INFO - DAG(s) 'initialize_historical_data' retrieved from /opt/airflow/dags/initialize_historical_data.py
[2025-07-12T06:20:37.145+0000] {logging_mixin.py:188} INFO - [2025-07-12T06:20:37.145+0000] {dag.py:3096} INFO - Sync 1 DAGs
[2025-07-12T06:20:37.153+0000] {logging_mixin.py:188} INFO - [2025-07-12T06:20:37.153+0000] {dag.py:3954} INFO - Setting next_dagrun for initialize_historical_data to None, run_after=None
[2025-07-12T06:20:37.164+0000] {processor.py:183} INFO - Processing /opt/airflow/dags/initialize_historical_data.py took 0.059 seconds
[2025-07-12T06:21:07.334+0000] {processor.py:161} INFO - Started process (PID=278) to work on /opt/airflow/dags/initialize_historical_data.py
[2025-07-12T06:21:07.339+0000] {processor.py:830} INFO - Processing file /opt/airflow/dags/initialize_historical_data.py for tasks to queue
[2025-07-12T06:21:07.341+0000] {logging_mixin.py:188} INFO - [2025-07-12T06:21:07.341+0000] {dagbag.py:545} INFO - Filling up the DagBag from /opt/airflow/dags/initialize_historical_data.py
[2025-07-12T06:21:07.351+0000] {processor.py:840} INFO - DAG(s) 'initialize_historical_data' retrieved from /opt/airflow/dags/initialize_historical_data.py
[2025-07-12T06:21:07.373+0000] {logging_mixin.py:188} INFO - [2025-07-12T06:21:07.372+0000] {dag.py:3096} INFO - Sync 1 DAGs
[2025-07-12T06:21:07.382+0000] {logging_mixin.py:188} INFO - [2025-07-12T06:21:07.382+0000] {dag.py:3954} INFO - Setting next_dagrun for initialize_historical_data to None, run_after=None
[2025-07-12T06:21:07.395+0000] {processor.py:183} INFO - Processing /opt/airflow/dags/initialize_historical_data.py took 0.068 seconds
[2025-07-12T06:21:12.454+0000] {processor.py:161} INFO - Started process (PID=293) to work on /opt/airflow/dags/initialize_historical_data.py
[2025-07-12T06:21:12.465+0000] {processor.py:830} INFO - Processing file /opt/airflow/dags/initialize_historical_data.py for tasks to queue
[2025-07-12T06:21:12.468+0000] {logging_mixin.py:188} INFO - [2025-07-12T06:21:12.467+0000] {dagbag.py:545} INFO - Filling up the DagBag from /opt/airflow/dags/initialize_historical_data.py
[2025-07-12T06:21:12.479+0000] {processor.py:840} INFO - DAG(s) 'initialize_historical_data' retrieved from /opt/airflow/dags/initialize_historical_data.py
[2025-07-12T06:21:12.496+0000] {logging_mixin.py:188} INFO - [2025-07-12T06:21:12.496+0000] {dag.py:3096} INFO - Sync 1 DAGs
[2025-07-12T06:21:12.504+0000] {logging_mixin.py:188} INFO - [2025-07-12T06:21:12.504+0000] {dag.py:3954} INFO - Setting next_dagrun for initialize_historical_data to None, run_after=None
[2025-07-12T06:21:12.515+0000] {processor.py:183} INFO - Processing /opt/airflow/dags/initialize_historical_data.py took 0.069 seconds
[2025-07-12T06:21:42.660+0000] {processor.py:161} INFO - Started process (PID=338) to work on /opt/airflow/dags/initialize_historical_data.py
[2025-07-12T06:21:42.671+0000] {processor.py:830} INFO - Processing file /opt/airflow/dags/initialize_historical_data.py for tasks to queue
[2025-07-12T06:21:42.673+0000] {logging_mixin.py:188} INFO - [2025-07-12T06:21:42.673+0000] {dagbag.py:545} INFO - Filling up the DagBag from /opt/airflow/dags/initialize_historical_data.py
[2025-07-12T06:21:42.684+0000] {processor.py:840} INFO - DAG(s) 'initialize_historical_data' retrieved from /opt/airflow/dags/initialize_historical_data.py
[2025-07-12T06:21:42.702+0000] {logging_mixin.py:188} INFO - [2025-07-12T06:21:42.702+0000] {dag.py:3096} INFO - Sync 1 DAGs
[2025-07-12T06:21:42.711+0000] {logging_mixin.py:188} INFO - [2025-07-12T06:21:42.710+0000] {dag.py:3954} INFO - Setting next_dagrun for initialize_historical_data to None, run_after=None
[2025-07-12T06:21:42.721+0000] {processor.py:183} INFO - Processing /opt/airflow/dags/initialize_historical_data.py took 0.070 seconds
[2025-07-12T06:22:05.818+0000] {processor.py:161} INFO - Started process (PID=343) to work on /opt/airflow/dags/initialize_historical_data.py
[2025-07-12T06:22:05.819+0000] {processor.py:830} INFO - Processing file /opt/airflow/dags/initialize_historical_data.py for tasks to queue
[2025-07-12T06:22:05.821+0000] {logging_mixin.py:188} INFO - [2025-07-12T06:22:05.821+0000] {dagbag.py:545} INFO - Filling up the DagBag from /opt/airflow/dags/initialize_historical_data.py
[2025-07-12T06:22:05.828+0000] {processor.py:840} INFO - DAG(s) 'initialize_historical_data' retrieved from /opt/airflow/dags/initialize_historical_data.py
[2025-07-12T06:22:05.900+0000] {logging_mixin.py:188} INFO - [2025-07-12T06:22:05.900+0000] {dag.py:3096} INFO - Sync 1 DAGs
[2025-07-12T06:22:05.907+0000] {logging_mixin.py:188} INFO - [2025-07-12T06:22:05.907+0000] {dag.py:3954} INFO - Setting next_dagrun for initialize_historical_data to None, run_after=None
[2025-07-12T06:22:05.920+0000] {processor.py:183} INFO - Processing /opt/airflow/dags/initialize_historical_data.py took 0.108 seconds
[2025-07-12T06:22:06.839+0000] {processor.py:161} INFO - Started process (PID=348) to work on /opt/airflow/dags/initialize_historical_data.py
[2025-07-12T06:22:06.840+0000] {processor.py:830} INFO - Processing file /opt/airflow/dags/initialize_historical_data.py for tasks to queue
[2025-07-12T06:22:06.841+0000] {logging_mixin.py:188} INFO - [2025-07-12T06:22:06.841+0000] {dagbag.py:545} INFO - Filling up the DagBag from /opt/airflow/dags/initialize_historical_data.py
[2025-07-12T06:22:06.847+0000] {processor.py:840} INFO - DAG(s) 'initialize_historical_data' retrieved from /opt/airflow/dags/initialize_historical_data.py
[2025-07-12T06:22:06.857+0000] {logging_mixin.py:188} INFO - [2025-07-12T06:22:06.857+0000] {dag.py:3096} INFO - Sync 1 DAGs
[2025-07-12T06:22:06.866+0000] {logging_mixin.py:188} INFO - [2025-07-12T06:22:06.865+0000] {dag.py:3954} INFO - Setting next_dagrun for initialize_historical_data to None, run_after=None
[2025-07-12T06:22:06.877+0000] {processor.py:183} INFO - Processing /opt/airflow/dags/initialize_historical_data.py took 0.045 seconds
[2025-07-12T06:22:07.840+0000] {processor.py:161} INFO - Started process (PID=353) to work on /opt/airflow/dags/initialize_historical_data.py
[2025-07-12T06:22:07.841+0000] {processor.py:830} INFO - Processing file /opt/airflow/dags/initialize_historical_data.py for tasks to queue
[2025-07-12T06:22:07.842+0000] {logging_mixin.py:188} INFO - [2025-07-12T06:22:07.842+0000] {dagbag.py:545} INFO - Filling up the DagBag from /opt/airflow/dags/initialize_historical_data.py
[2025-07-12T06:22:07.849+0000] {processor.py:840} INFO - DAG(s) 'initialize_historical_data' retrieved from /opt/airflow/dags/initialize_historical_data.py
[2025-07-12T06:22:07.859+0000] {logging_mixin.py:188} INFO - [2025-07-12T06:22:07.859+0000] {dag.py:3096} INFO - Sync 1 DAGs
[2025-07-12T06:22:07.869+0000] {logging_mixin.py:188} INFO - [2025-07-12T06:22:07.869+0000] {dag.py:3954} INFO - Setting next_dagrun for initialize_historical_data to None, run_after=None
[2025-07-12T06:22:07.883+0000] {processor.py:183} INFO - Processing /opt/airflow/dags/initialize_historical_data.py took 0.047 seconds
[2025-07-12T06:22:38.042+0000] {processor.py:161} INFO - Started process (PID=375) to work on /opt/airflow/dags/initialize_historical_data.py
[2025-07-12T06:22:38.043+0000] {processor.py:830} INFO - Processing file /opt/airflow/dags/initialize_historical_data.py for tasks to queue
[2025-07-12T06:22:38.044+0000] {logging_mixin.py:188} INFO - [2025-07-12T06:22:38.044+0000] {dagbag.py:545} INFO - Filling up the DagBag from /opt/airflow/dags/initialize_historical_data.py
[2025-07-12T06:22:38.051+0000] {processor.py:840} INFO - DAG(s) 'initialize_historical_data' retrieved from /opt/airflow/dags/initialize_historical_data.py
[2025-07-12T06:22:38.072+0000] {logging_mixin.py:188} INFO - [2025-07-12T06:22:38.072+0000] {dag.py:3096} INFO - Sync 1 DAGs
[2025-07-12T06:22:38.081+0000] {logging_mixin.py:188} INFO - [2025-07-12T06:22:38.081+0000] {dag.py:3954} INFO - Setting next_dagrun for initialize_historical_data to None, run_after=None
[2025-07-12T06:22:38.093+0000] {processor.py:183} INFO - Processing /opt/airflow/dags/initialize_historical_data.py took 0.055 seconds
[2025-07-12T06:23:08.193+0000] {processor.py:161} INFO - Started process (PID=385) to work on /opt/airflow/dags/initialize_historical_data.py
[2025-07-12T06:23:08.194+0000] {processor.py:830} INFO - Processing file /opt/airflow/dags/initialize_historical_data.py for tasks to queue
[2025-07-12T06:23:08.195+0000] {logging_mixin.py:188} INFO - [2025-07-12T06:23:08.195+0000] {dagbag.py:545} INFO - Filling up the DagBag from /opt/airflow/dags/initialize_historical_data.py
[2025-07-12T06:23:08.201+0000] {processor.py:840} INFO - DAG(s) 'initialize_historical_data' retrieved from /opt/airflow/dags/initialize_historical_data.py
[2025-07-12T06:23:08.219+0000] {logging_mixin.py:188} INFO - [2025-07-12T06:23:08.219+0000] {dag.py:3096} INFO - Sync 1 DAGs
[2025-07-12T06:23:08.228+0000] {logging_mixin.py:188} INFO - [2025-07-12T06:23:08.227+0000] {dag.py:3954} INFO - Setting next_dagrun for initialize_historical_data to None, run_after=None
[2025-07-12T06:23:08.239+0000] {processor.py:183} INFO - Processing /opt/airflow/dags/initialize_historical_data.py took 0.049 seconds
[2025-07-12T06:23:38.342+0000] {processor.py:161} INFO - Started process (PID=395) to work on /opt/airflow/dags/initialize_historical_data.py
[2025-07-12T06:23:38.343+0000] {processor.py:830} INFO - Processing file /opt/airflow/dags/initialize_historical_data.py for tasks to queue
[2025-07-12T06:23:38.344+0000] {logging_mixin.py:188} INFO - [2025-07-12T06:23:38.344+0000] {dagbag.py:545} INFO - Filling up the DagBag from /opt/airflow/dags/initialize_historical_data.py
[2025-07-12T06:23:38.350+0000] {processor.py:840} INFO - DAG(s) 'initialize_historical_data' retrieved from /opt/airflow/dags/initialize_historical_data.py
[2025-07-12T06:23:38.369+0000] {logging_mixin.py:188} INFO - [2025-07-12T06:23:38.368+0000] {dag.py:3096} INFO - Sync 1 DAGs
[2025-07-12T06:23:38.377+0000] {logging_mixin.py:188} INFO - [2025-07-12T06:23:38.377+0000] {dag.py:3954} INFO - Setting next_dagrun for initialize_historical_data to None, run_after=None
[2025-07-12T06:23:38.391+0000] {processor.py:183} INFO - Processing /opt/airflow/dags/initialize_historical_data.py took 0.053 seconds
[2025-07-12T06:24:08.489+0000] {processor.py:161} INFO - Started process (PID=405) to work on /opt/airflow/dags/initialize_historical_data.py
[2025-07-12T06:24:08.490+0000] {processor.py:830} INFO - Processing file /opt/airflow/dags/initialize_historical_data.py for tasks to queue
[2025-07-12T06:24:08.491+0000] {logging_mixin.py:188} INFO - [2025-07-12T06:24:08.490+0000] {dagbag.py:545} INFO - Filling up the DagBag from /opt/airflow/dags/initialize_historical_data.py
[2025-07-12T06:24:08.496+0000] {processor.py:840} INFO - DAG(s) 'initialize_historical_data' retrieved from /opt/airflow/dags/initialize_historical_data.py
[2025-07-12T06:24:08.517+0000] {logging_mixin.py:188} INFO - [2025-07-12T06:24:08.516+0000] {dag.py:3096} INFO - Sync 1 DAGs
[2025-07-12T06:24:08.529+0000] {logging_mixin.py:188} INFO - [2025-07-12T06:24:08.529+0000] {dag.py:3954} INFO - Setting next_dagrun for initialize_historical_data to None, run_after=None
[2025-07-12T06:24:08.542+0000] {processor.py:183} INFO - Processing /opt/airflow/dags/initialize_historical_data.py took 0.057 seconds
[2025-07-12T06:24:38.642+0000] {processor.py:161} INFO - Started process (PID=415) to work on /opt/airflow/dags/initialize_historical_data.py
[2025-07-12T06:24:38.643+0000] {processor.py:830} INFO - Processing file /opt/airflow/dags/initialize_historical_data.py for tasks to queue
[2025-07-12T06:24:38.644+0000] {logging_mixin.py:188} INFO - [2025-07-12T06:24:38.643+0000] {dagbag.py:545} INFO - Filling up the DagBag from /opt/airflow/dags/initialize_historical_data.py
[2025-07-12T06:24:38.651+0000] {processor.py:840} INFO - DAG(s) 'initialize_historical_data' retrieved from /opt/airflow/dags/initialize_historical_data.py
[2025-07-12T06:24:38.673+0000] {logging_mixin.py:188} INFO - [2025-07-12T06:24:38.672+0000] {dag.py:3096} INFO - Sync 1 DAGs
[2025-07-12T06:24:38.682+0000] {logging_mixin.py:188} INFO - [2025-07-12T06:24:38.681+0000] {dag.py:3954} INFO - Setting next_dagrun for initialize_historical_data to None, run_after=None
[2025-07-12T06:24:38.694+0000] {processor.py:183} INFO - Processing /opt/airflow/dags/initialize_historical_data.py took 0.056 seconds
[2025-07-12T06:25:08.821+0000] {processor.py:161} INFO - Started process (PID=425) to work on /opt/airflow/dags/initialize_historical_data.py
[2025-07-12T06:25:08.822+0000] {processor.py:830} INFO - Processing file /opt/airflow/dags/initialize_historical_data.py for tasks to queue
[2025-07-12T06:25:08.823+0000] {logging_mixin.py:188} INFO - [2025-07-12T06:25:08.823+0000] {dagbag.py:545} INFO - Filling up the DagBag from /opt/airflow/dags/initialize_historical_data.py
[2025-07-12T06:25:08.828+0000] {processor.py:840} INFO - DAG(s) 'initialize_historical_data' retrieved from /opt/airflow/dags/initialize_historical_data.py
[2025-07-12T06:25:08.846+0000] {logging_mixin.py:188} INFO - [2025-07-12T06:25:08.846+0000] {dag.py:3096} INFO - Sync 1 DAGs
[2025-07-12T06:25:08.854+0000] {logging_mixin.py:188} INFO - [2025-07-12T06:25:08.854+0000] {dag.py:3954} INFO - Setting next_dagrun for initialize_historical_data to None, run_after=None
[2025-07-12T06:25:08.866+0000] {processor.py:183} INFO - Processing /opt/airflow/dags/initialize_historical_data.py took 0.048 seconds
[2025-07-12T06:25:38.962+0000] {processor.py:161} INFO - Started process (PID=435) to work on /opt/airflow/dags/initialize_historical_data.py
[2025-07-12T06:25:38.963+0000] {processor.py:830} INFO - Processing file /opt/airflow/dags/initialize_historical_data.py for tasks to queue
[2025-07-12T06:25:38.964+0000] {logging_mixin.py:188} INFO - [2025-07-12T06:25:38.964+0000] {dagbag.py:545} INFO - Filling up the DagBag from /opt/airflow/dags/initialize_historical_data.py
[2025-07-12T06:25:38.970+0000] {processor.py:840} INFO - DAG(s) 'initialize_historical_data' retrieved from /opt/airflow/dags/initialize_historical_data.py
[2025-07-12T06:25:38.988+0000] {logging_mixin.py:188} INFO - [2025-07-12T06:25:38.988+0000] {dag.py:3096} INFO - Sync 1 DAGs
[2025-07-12T06:25:38.996+0000] {logging_mixin.py:188} INFO - [2025-07-12T06:25:38.996+0000] {dag.py:3954} INFO - Setting next_dagrun for initialize_historical_data to None, run_after=None
[2025-07-12T06:25:39.009+0000] {processor.py:183} INFO - Processing /opt/airflow/dags/initialize_historical_data.py took 0.051 seconds
[2025-07-12T06:26:09.107+0000] {processor.py:161} INFO - Started process (PID=445) to work on /opt/airflow/dags/initialize_historical_data.py
[2025-07-12T06:26:09.107+0000] {processor.py:830} INFO - Processing file /opt/airflow/dags/initialize_historical_data.py for tasks to queue
[2025-07-12T06:26:09.108+0000] {logging_mixin.py:188} INFO - [2025-07-12T06:26:09.108+0000] {dagbag.py:545} INFO - Filling up the DagBag from /opt/airflow/dags/initialize_historical_data.py
[2025-07-12T06:26:09.115+0000] {processor.py:840} INFO - DAG(s) 'initialize_historical_data' retrieved from /opt/airflow/dags/initialize_historical_data.py
[2025-07-12T06:26:09.136+0000] {logging_mixin.py:188} INFO - [2025-07-12T06:26:09.135+0000] {dag.py:3096} INFO - Sync 1 DAGs
[2025-07-12T06:26:09.145+0000] {logging_mixin.py:188} INFO - [2025-07-12T06:26:09.144+0000] {dag.py:3954} INFO - Setting next_dagrun for initialize_historical_data to None, run_after=None
[2025-07-12T06:26:09.156+0000] {processor.py:183} INFO - Processing /opt/airflow/dags/initialize_historical_data.py took 0.053 seconds
[2025-07-12T06:26:39.247+0000] {processor.py:161} INFO - Started process (PID=455) to work on /opt/airflow/dags/initialize_historical_data.py
[2025-07-12T06:26:39.248+0000] {processor.py:830} INFO - Processing file /opt/airflow/dags/initialize_historical_data.py for tasks to queue
[2025-07-12T06:26:39.249+0000] {logging_mixin.py:188} INFO - [2025-07-12T06:26:39.249+0000] {dagbag.py:545} INFO - Filling up the DagBag from /opt/airflow/dags/initialize_historical_data.py
[2025-07-12T06:26:39.255+0000] {processor.py:840} INFO - DAG(s) 'initialize_historical_data' retrieved from /opt/airflow/dags/initialize_historical_data.py
[2025-07-12T06:26:39.276+0000] {logging_mixin.py:188} INFO - [2025-07-12T06:26:39.275+0000] {dag.py:3096} INFO - Sync 1 DAGs
[2025-07-12T06:26:39.284+0000] {logging_mixin.py:188} INFO - [2025-07-12T06:26:39.284+0000] {dag.py:3954} INFO - Setting next_dagrun for initialize_historical_data to None, run_after=None
[2025-07-12T06:26:39.295+0000] {processor.py:183} INFO - Processing /opt/airflow/dags/initialize_historical_data.py took 0.052 seconds
[2025-07-12T06:27:09.383+0000] {processor.py:161} INFO - Started process (PID=465) to work on /opt/airflow/dags/initialize_historical_data.py
[2025-07-12T06:27:09.384+0000] {processor.py:830} INFO - Processing file /opt/airflow/dags/initialize_historical_data.py for tasks to queue
[2025-07-12T06:27:09.385+0000] {logging_mixin.py:188} INFO - [2025-07-12T06:27:09.385+0000] {dagbag.py:545} INFO - Filling up the DagBag from /opt/airflow/dags/initialize_historical_data.py
[2025-07-12T06:27:09.390+0000] {processor.py:840} INFO - DAG(s) 'initialize_historical_data' retrieved from /opt/airflow/dags/initialize_historical_data.py
[2025-07-12T06:27:09.409+0000] {logging_mixin.py:188} INFO - [2025-07-12T06:27:09.408+0000] {dag.py:3096} INFO - Sync 1 DAGs
[2025-07-12T06:27:09.418+0000] {logging_mixin.py:188} INFO - [2025-07-12T06:27:09.418+0000] {dag.py:3954} INFO - Setting next_dagrun for initialize_historical_data to None, run_after=None
[2025-07-12T06:27:09.429+0000] {processor.py:183} INFO - Processing /opt/airflow/dags/initialize_historical_data.py took 0.050 seconds
[2025-07-12T06:27:39.628+0000] {processor.py:161} INFO - Started process (PID=475) to work on /opt/airflow/dags/initialize_historical_data.py
[2025-07-12T06:27:39.630+0000] {processor.py:830} INFO - Processing file /opt/airflow/dags/initialize_historical_data.py for tasks to queue
[2025-07-12T06:27:39.631+0000] {logging_mixin.py:188} INFO - [2025-07-12T06:27:39.631+0000] {dagbag.py:545} INFO - Filling up the DagBag from /opt/airflow/dags/initialize_historical_data.py
[2025-07-12T06:27:39.637+0000] {processor.py:840} INFO - DAG(s) 'initialize_historical_data' retrieved from /opt/airflow/dags/initialize_historical_data.py
[2025-07-12T06:27:39.655+0000] {logging_mixin.py:188} INFO - [2025-07-12T06:27:39.655+0000] {dag.py:3096} INFO - Sync 1 DAGs
[2025-07-12T06:27:39.662+0000] {logging_mixin.py:188} INFO - [2025-07-12T06:27:39.662+0000] {dag.py:3954} INFO - Setting next_dagrun for initialize_historical_data to None, run_after=None
[2025-07-12T06:27:39.673+0000] {processor.py:183} INFO - Processing /opt/airflow/dags/initialize_historical_data.py took 0.051 seconds
[2025-07-12T06:28:09.856+0000] {processor.py:161} INFO - Started process (PID=485) to work on /opt/airflow/dags/initialize_historical_data.py
[2025-07-12T06:28:09.858+0000] {processor.py:830} INFO - Processing file /opt/airflow/dags/initialize_historical_data.py for tasks to queue
[2025-07-12T06:28:09.860+0000] {logging_mixin.py:188} INFO - [2025-07-12T06:28:09.860+0000] {dagbag.py:545} INFO - Filling up the DagBag from /opt/airflow/dags/initialize_historical_data.py
[2025-07-12T06:28:09.869+0000] {processor.py:840} INFO - DAG(s) 'initialize_historical_data' retrieved from /opt/airflow/dags/initialize_historical_data.py
[2025-07-12T06:28:09.888+0000] {logging_mixin.py:188} INFO - [2025-07-12T06:28:09.888+0000] {dag.py:3096} INFO - Sync 1 DAGs
[2025-07-12T06:28:09.899+0000] {logging_mixin.py:188} INFO - [2025-07-12T06:28:09.898+0000] {dag.py:3954} INFO - Setting next_dagrun for initialize_historical_data to None, run_after=None
[2025-07-12T06:28:09.910+0000] {processor.py:183} INFO - Processing /opt/airflow/dags/initialize_historical_data.py took 0.061 seconds
[2025-07-12T06:28:40.064+0000] {processor.py:161} INFO - Started process (PID=495) to work on /opt/airflow/dags/initialize_historical_data.py
[2025-07-12T06:28:40.065+0000] {processor.py:830} INFO - Processing file /opt/airflow/dags/initialize_historical_data.py for tasks to queue
[2025-07-12T06:28:40.066+0000] {logging_mixin.py:188} INFO - [2025-07-12T06:28:40.066+0000] {dagbag.py:545} INFO - Filling up the DagBag from /opt/airflow/dags/initialize_historical_data.py
[2025-07-12T06:28:40.072+0000] {processor.py:840} INFO - DAG(s) 'initialize_historical_data' retrieved from /opt/airflow/dags/initialize_historical_data.py
[2025-07-12T06:28:40.090+0000] {logging_mixin.py:188} INFO - [2025-07-12T06:28:40.090+0000] {dag.py:3096} INFO - Sync 1 DAGs
[2025-07-12T06:28:40.098+0000] {logging_mixin.py:188} INFO - [2025-07-12T06:28:40.098+0000] {dag.py:3954} INFO - Setting next_dagrun for initialize_historical_data to None, run_after=None
[2025-07-12T06:28:40.111+0000] {processor.py:183} INFO - Processing /opt/airflow/dags/initialize_historical_data.py took 0.051 seconds
[2025-07-12T06:29:10.281+0000] {processor.py:161} INFO - Started process (PID=505) to work on /opt/airflow/dags/initialize_historical_data.py
[2025-07-12T06:29:10.282+0000] {processor.py:830} INFO - Processing file /opt/airflow/dags/initialize_historical_data.py for tasks to queue
[2025-07-12T06:29:10.285+0000] {logging_mixin.py:188} INFO - [2025-07-12T06:29:10.284+0000] {dagbag.py:545} INFO - Filling up the DagBag from /opt/airflow/dags/initialize_historical_data.py
[2025-07-12T06:29:10.292+0000] {processor.py:840} INFO - DAG(s) 'initialize_historical_data' retrieved from /opt/airflow/dags/initialize_historical_data.py
[2025-07-12T06:29:10.309+0000] {logging_mixin.py:188} INFO - [2025-07-12T06:29:10.309+0000] {dag.py:3096} INFO - Sync 1 DAGs
[2025-07-12T06:29:10.317+0000] {logging_mixin.py:188} INFO - [2025-07-12T06:29:10.317+0000] {dag.py:3954} INFO - Setting next_dagrun for initialize_historical_data to None, run_after=None
[2025-07-12T06:29:10.328+0000] {processor.py:183} INFO - Processing /opt/airflow/dags/initialize_historical_data.py took 0.054 seconds
[2025-07-12T06:29:40.481+0000] {processor.py:161} INFO - Started process (PID=515) to work on /opt/airflow/dags/initialize_historical_data.py
[2025-07-12T06:29:40.491+0000] {processor.py:830} INFO - Processing file /opt/airflow/dags/initialize_historical_data.py for tasks to queue
[2025-07-12T06:29:40.494+0000] {logging_mixin.py:188} INFO - [2025-07-12T06:29:40.494+0000] {dagbag.py:545} INFO - Filling up the DagBag from /opt/airflow/dags/initialize_historical_data.py
[2025-07-12T06:29:40.505+0000] {processor.py:840} INFO - DAG(s) 'initialize_historical_data' retrieved from /opt/airflow/dags/initialize_historical_data.py
[2025-07-12T06:29:40.521+0000] {logging_mixin.py:188} INFO - [2025-07-12T06:29:40.521+0000] {dag.py:3096} INFO - Sync 1 DAGs
[2025-07-12T06:29:40.529+0000] {logging_mixin.py:188} INFO - [2025-07-12T06:29:40.529+0000] {dag.py:3954} INFO - Setting next_dagrun for initialize_historical_data to None, run_after=None
[2025-07-12T06:29:40.540+0000] {processor.py:183} INFO - Processing /opt/airflow/dags/initialize_historical_data.py took 0.064 seconds
