[2025-07-12T05:45:49.299+0000] {processor.py:161} INFO - Started process (PID=190) to work on /opt/airflow/dags/update_historical_data.py
[2025-07-12T05:45:49.300+0000] {processor.py:830} INFO - Processing file /opt/airflow/dags/update_historical_data.py for tasks to queue
[2025-07-12T05:45:49.301+0000] {logging_mixin.py:188} INFO - [2025-07-12T05:45:49.301+0000] {dagbag.py:545} INFO - Filling up the DagBag from /opt/airflow/dags/update_historical_data.py
[2025-07-12T05:45:49.313+0000] {processor.py:840} INFO - DAG(s) 'update_historical_data' retrieved from /opt/airflow/dags/update_historical_data.py
[2025-07-12T05:45:49.476+0000] {logging_mixin.py:188} INFO - [2025-07-12T05:45:49.475+0000] {dag.py:3096} INFO - Sync 1 DAGs
[2025-07-12T05:45:49.503+0000] {logging_mixin.py:188} INFO - [2025-07-12T05:45:49.502+0000] {dag.py:3954} INFO - Setting next_dagrun for update_historical_data to 2025-07-12 00:00:00+00:00, run_after=2025-07-13 00:00:00+00:00
[2025-07-12T05:45:49.523+0000] {processor.py:183} INFO - Processing /opt/airflow/dags/update_historical_data.py took 0.230 seconds
[2025-07-12T05:46:19.661+0000] {processor.py:161} INFO - Started process (PID=260) to work on /opt/airflow/dags/update_historical_data.py
[2025-07-12T05:46:19.672+0000] {processor.py:830} INFO - Processing file /opt/airflow/dags/update_historical_data.py for tasks to queue
[2025-07-12T05:46:19.673+0000] {logging_mixin.py:188} INFO - [2025-07-12T05:46:19.673+0000] {dagbag.py:545} INFO - Filling up the DagBag from /opt/airflow/dags/update_historical_data.py
[2025-07-12T05:46:19.683+0000] {processor.py:840} INFO - DAG(s) 'update_historical_data' retrieved from /opt/airflow/dags/update_historical_data.py
[2025-07-12T05:46:19.700+0000] {logging_mixin.py:188} INFO - [2025-07-12T05:46:19.700+0000] {dag.py:3096} INFO - Sync 1 DAGs
[2025-07-12T05:46:19.715+0000] {logging_mixin.py:188} INFO - [2025-07-12T05:46:19.715+0000] {dag.py:3954} INFO - Setting next_dagrun for update_historical_data to 2025-07-12 00:00:00+00:00, run_after=2025-07-13 00:00:00+00:00
[2025-07-12T05:46:19.726+0000] {processor.py:183} INFO - Processing /opt/airflow/dags/update_historical_data.py took 0.069 seconds
[2025-07-12T05:46:49.876+0000] {processor.py:161} INFO - Started process (PID=270) to work on /opt/airflow/dags/update_historical_data.py
[2025-07-12T05:46:49.876+0000] {processor.py:830} INFO - Processing file /opt/airflow/dags/update_historical_data.py for tasks to queue
[2025-07-12T05:46:49.877+0000] {logging_mixin.py:188} INFO - [2025-07-12T05:46:49.877+0000] {dagbag.py:545} INFO - Filling up the DagBag from /opt/airflow/dags/update_historical_data.py
[2025-07-12T05:46:49.883+0000] {processor.py:840} INFO - DAG(s) 'update_historical_data' retrieved from /opt/airflow/dags/update_historical_data.py
[2025-07-12T05:46:49.901+0000] {logging_mixin.py:188} INFO - [2025-07-12T05:46:49.901+0000] {dag.py:3096} INFO - Sync 1 DAGs
[2025-07-12T05:46:49.916+0000] {logging_mixin.py:188} INFO - [2025-07-12T05:46:49.916+0000] {dag.py:3954} INFO - Setting next_dagrun for update_historical_data to 2025-07-12 00:00:00+00:00, run_after=2025-07-13 00:00:00+00:00
[2025-07-12T05:46:49.928+0000] {processor.py:183} INFO - Processing /opt/airflow/dags/update_historical_data.py took 0.059 seconds
[2025-07-12T05:47:07.023+0000] {processor.py:161} INFO - Started process (PID=280) to work on /opt/airflow/dags/update_historical_data.py
[2025-07-12T05:47:07.034+0000] {processor.py:830} INFO - Processing file /opt/airflow/dags/update_historical_data.py for tasks to queue
[2025-07-12T05:47:07.037+0000] {logging_mixin.py:188} INFO - [2025-07-12T05:47:07.037+0000] {dagbag.py:545} INFO - Filling up the DagBag from /opt/airflow/dags/update_historical_data.py
[2025-07-12T05:47:07.048+0000] {processor.py:840} INFO - DAG(s) 'update_historical_data' retrieved from /opt/airflow/dags/update_historical_data.py
[2025-07-12T05:47:07.118+0000] {logging_mixin.py:188} INFO - [2025-07-12T05:47:07.118+0000] {dag.py:3096} INFO - Sync 1 DAGs
[2025-07-12T05:47:07.131+0000] {logging_mixin.py:188} INFO - [2025-07-12T05:47:07.131+0000] {dag.py:3954} INFO - Setting next_dagrun for update_historical_data to 2025-07-12 00:00:00+00:00, run_after=2025-07-13 00:00:00+00:00
[2025-07-12T05:47:07.142+0000] {processor.py:183} INFO - Processing /opt/airflow/dags/update_historical_data.py took 0.126 seconds
[2025-07-12T05:47:37.217+0000] {processor.py:161} INFO - Started process (PID=303) to work on /opt/airflow/dags/update_historical_data.py
[2025-07-12T05:47:37.228+0000] {processor.py:830} INFO - Processing file /opt/airflow/dags/update_historical_data.py for tasks to queue
[2025-07-12T05:47:37.230+0000] {logging_mixin.py:188} INFO - [2025-07-12T05:47:37.230+0000] {dagbag.py:545} INFO - Filling up the DagBag from /opt/airflow/dags/update_historical_data.py
[2025-07-12T05:47:37.237+0000] {processor.py:840} INFO - DAG(s) 'update_historical_data' retrieved from /opt/airflow/dags/update_historical_data.py
[2025-07-12T05:47:37.261+0000] {logging_mixin.py:188} INFO - [2025-07-12T05:47:37.260+0000] {dag.py:3096} INFO - Sync 1 DAGs
[2025-07-12T05:47:37.278+0000] {logging_mixin.py:188} INFO - [2025-07-12T05:47:37.277+0000] {dag.py:3954} INFO - Setting next_dagrun for update_historical_data to 2025-07-12 00:00:00+00:00, run_after=2025-07-13 00:00:00+00:00
[2025-07-12T05:47:37.289+0000] {processor.py:183} INFO - Processing /opt/airflow/dags/update_historical_data.py took 0.078 seconds
[2025-07-12T05:48:07.435+0000] {processor.py:161} INFO - Started process (PID=313) to work on /opt/airflow/dags/update_historical_data.py
[2025-07-12T05:48:07.446+0000] {processor.py:830} INFO - Processing file /opt/airflow/dags/update_historical_data.py for tasks to queue
[2025-07-12T05:48:07.447+0000] {logging_mixin.py:188} INFO - [2025-07-12T05:48:07.447+0000] {dagbag.py:545} INFO - Filling up the DagBag from /opt/airflow/dags/update_historical_data.py
[2025-07-12T05:48:07.455+0000] {processor.py:840} INFO - DAG(s) 'update_historical_data' retrieved from /opt/airflow/dags/update_historical_data.py
[2025-07-12T05:48:07.476+0000] {logging_mixin.py:188} INFO - [2025-07-12T05:48:07.476+0000] {dag.py:3096} INFO - Sync 1 DAGs
[2025-07-12T05:48:07.491+0000] {logging_mixin.py:188} INFO - [2025-07-12T05:48:07.490+0000] {dag.py:3954} INFO - Setting next_dagrun for update_historical_data to 2025-07-12 00:00:00+00:00, run_after=2025-07-13 00:00:00+00:00
[2025-07-12T05:48:07.501+0000] {processor.py:183} INFO - Processing /opt/airflow/dags/update_historical_data.py took 0.072 seconds
[2025-07-12T05:48:37.647+0000] {processor.py:161} INFO - Started process (PID=323) to work on /opt/airflow/dags/update_historical_data.py
[2025-07-12T05:48:37.657+0000] {processor.py:830} INFO - Processing file /opt/airflow/dags/update_historical_data.py for tasks to queue
[2025-07-12T05:48:37.659+0000] {logging_mixin.py:188} INFO - [2025-07-12T05:48:37.659+0000] {dagbag.py:545} INFO - Filling up the DagBag from /opt/airflow/dags/update_historical_data.py
[2025-07-12T05:48:37.667+0000] {processor.py:840} INFO - DAG(s) 'update_historical_data' retrieved from /opt/airflow/dags/update_historical_data.py
[2025-07-12T05:48:37.684+0000] {logging_mixin.py:188} INFO - [2025-07-12T05:48:37.683+0000] {dag.py:3096} INFO - Sync 1 DAGs
[2025-07-12T05:48:37.698+0000] {logging_mixin.py:188} INFO - [2025-07-12T05:48:37.698+0000] {dag.py:3954} INFO - Setting next_dagrun for update_historical_data to 2025-07-12 00:00:00+00:00, run_after=2025-07-13 00:00:00+00:00
[2025-07-12T05:48:37.708+0000] {processor.py:183} INFO - Processing /opt/airflow/dags/update_historical_data.py took 0.066 seconds
[2025-07-12T05:49:07.868+0000] {processor.py:161} INFO - Started process (PID=333) to work on /opt/airflow/dags/update_historical_data.py
[2025-07-12T05:49:07.879+0000] {processor.py:830} INFO - Processing file /opt/airflow/dags/update_historical_data.py for tasks to queue
[2025-07-12T05:49:07.882+0000] {logging_mixin.py:188} INFO - [2025-07-12T05:49:07.881+0000] {dagbag.py:545} INFO - Filling up the DagBag from /opt/airflow/dags/update_historical_data.py
[2025-07-12T05:49:07.892+0000] {processor.py:840} INFO - DAG(s) 'update_historical_data' retrieved from /opt/airflow/dags/update_historical_data.py
[2025-07-12T05:49:07.911+0000] {logging_mixin.py:188} INFO - [2025-07-12T05:49:07.911+0000] {dag.py:3096} INFO - Sync 1 DAGs
[2025-07-12T05:49:07.927+0000] {logging_mixin.py:188} INFO - [2025-07-12T05:49:07.927+0000] {dag.py:3954} INFO - Setting next_dagrun for update_historical_data to 2025-07-12 00:00:00+00:00, run_after=2025-07-13 00:00:00+00:00
[2025-07-12T05:49:07.937+0000] {processor.py:183} INFO - Processing /opt/airflow/dags/update_historical_data.py took 0.078 seconds
[2025-07-12T05:49:38.092+0000] {processor.py:161} INFO - Started process (PID=343) to work on /opt/airflow/dags/update_historical_data.py
[2025-07-12T05:49:38.103+0000] {processor.py:830} INFO - Processing file /opt/airflow/dags/update_historical_data.py for tasks to queue
[2025-07-12T05:49:38.106+0000] {logging_mixin.py:188} INFO - [2025-07-12T05:49:38.105+0000] {dagbag.py:545} INFO - Filling up the DagBag from /opt/airflow/dags/update_historical_data.py
[2025-07-12T05:49:38.116+0000] {processor.py:840} INFO - DAG(s) 'update_historical_data' retrieved from /opt/airflow/dags/update_historical_data.py
[2025-07-12T05:49:38.132+0000] {logging_mixin.py:188} INFO - [2025-07-12T05:49:38.132+0000] {dag.py:3096} INFO - Sync 1 DAGs
[2025-07-12T05:49:38.147+0000] {logging_mixin.py:188} INFO - [2025-07-12T05:49:38.147+0000] {dag.py:3954} INFO - Setting next_dagrun for update_historical_data to 2025-07-12 00:00:00+00:00, run_after=2025-07-13 00:00:00+00:00
[2025-07-12T05:49:38.158+0000] {processor.py:183} INFO - Processing /opt/airflow/dags/update_historical_data.py took 0.074 seconds
[2025-07-12T05:50:08.292+0000] {processor.py:161} INFO - Started process (PID=353) to work on /opt/airflow/dags/update_historical_data.py
[2025-07-12T05:50:08.303+0000] {processor.py:830} INFO - Processing file /opt/airflow/dags/update_historical_data.py for tasks to queue
[2025-07-12T05:50:08.304+0000] {logging_mixin.py:188} INFO - [2025-07-12T05:50:08.304+0000] {dagbag.py:545} INFO - Filling up the DagBag from /opt/airflow/dags/update_historical_data.py
[2025-07-12T05:50:08.311+0000] {processor.py:840} INFO - DAG(s) 'update_historical_data' retrieved from /opt/airflow/dags/update_historical_data.py
[2025-07-12T05:50:08.330+0000] {logging_mixin.py:188} INFO - [2025-07-12T05:50:08.329+0000] {dag.py:3096} INFO - Sync 1 DAGs
[2025-07-12T05:50:08.346+0000] {logging_mixin.py:188} INFO - [2025-07-12T05:50:08.346+0000] {dag.py:3954} INFO - Setting next_dagrun for update_historical_data to 2025-07-12 00:00:00+00:00, run_after=2025-07-13 00:00:00+00:00
[2025-07-12T05:50:08.358+0000] {processor.py:183} INFO - Processing /opt/airflow/dags/update_historical_data.py took 0.071 seconds
[2025-07-12T05:50:38.490+0000] {processor.py:161} INFO - Started process (PID=363) to work on /opt/airflow/dags/update_historical_data.py
[2025-07-12T05:50:38.501+0000] {processor.py:830} INFO - Processing file /opt/airflow/dags/update_historical_data.py for tasks to queue
[2025-07-12T05:50:38.502+0000] {logging_mixin.py:188} INFO - [2025-07-12T05:50:38.501+0000] {dagbag.py:545} INFO - Filling up the DagBag from /opt/airflow/dags/update_historical_data.py
[2025-07-12T05:50:38.509+0000] {processor.py:840} INFO - DAG(s) 'update_historical_data' retrieved from /opt/airflow/dags/update_historical_data.py
[2025-07-12T05:50:38.527+0000] {logging_mixin.py:188} INFO - [2025-07-12T05:50:38.526+0000] {dag.py:3096} INFO - Sync 1 DAGs
[2025-07-12T05:50:38.541+0000] {logging_mixin.py:188} INFO - [2025-07-12T05:50:38.541+0000] {dag.py:3954} INFO - Setting next_dagrun for update_historical_data to 2025-07-12 00:00:00+00:00, run_after=2025-07-13 00:00:00+00:00
[2025-07-12T05:50:38.553+0000] {processor.py:183} INFO - Processing /opt/airflow/dags/update_historical_data.py took 0.066 seconds
[2025-07-12T06:12:39.562+0000] {processor.py:161} INFO - Started process (PID=163) to work on /opt/airflow/dags/update_historical_data.py
[2025-07-12T06:12:39.562+0000] {processor.py:830} INFO - Processing file /opt/airflow/dags/update_historical_data.py for tasks to queue
[2025-07-12T06:12:39.563+0000] {logging_mixin.py:188} INFO - [2025-07-12T06:12:39.563+0000] {dagbag.py:545} INFO - Filling up the DagBag from /opt/airflow/dags/update_historical_data.py
[2025-07-12T06:12:39.570+0000] {processor.py:840} INFO - DAG(s) 'update_historical_data' retrieved from /opt/airflow/dags/update_historical_data.py
[2025-07-12T06:12:39.758+0000] {logging_mixin.py:188} INFO - [2025-07-12T06:12:39.758+0000] {dag.py:3096} INFO - Sync 1 DAGs
[2025-07-12T06:12:39.772+0000] {logging_mixin.py:188} INFO - [2025-07-12T06:12:39.771+0000] {dag.py:3954} INFO - Setting next_dagrun for update_historical_data to 2025-07-12 00:00:00+00:00, run_after=2025-07-13 00:00:00+00:00
[2025-07-12T06:12:39.785+0000] {processor.py:183} INFO - Processing /opt/airflow/dags/update_historical_data.py took 0.227 seconds
[2025-07-12T06:13:09.924+0000] {processor.py:161} INFO - Started process (PID=186) to work on /opt/airflow/dags/update_historical_data.py
[2025-07-12T06:13:09.924+0000] {processor.py:830} INFO - Processing file /opt/airflow/dags/update_historical_data.py for tasks to queue
[2025-07-12T06:13:09.927+0000] {logging_mixin.py:188} INFO - [2025-07-12T06:13:09.926+0000] {dagbag.py:545} INFO - Filling up the DagBag from /opt/airflow/dags/update_historical_data.py
[2025-07-12T06:13:09.937+0000] {processor.py:840} INFO - DAG(s) 'update_historical_data' retrieved from /opt/airflow/dags/update_historical_data.py
[2025-07-12T06:13:09.957+0000] {logging_mixin.py:188} INFO - [2025-07-12T06:13:09.957+0000] {dag.py:3096} INFO - Sync 1 DAGs
[2025-07-12T06:13:09.976+0000] {logging_mixin.py:188} INFO - [2025-07-12T06:13:09.975+0000] {dag.py:3954} INFO - Setting next_dagrun for update_historical_data to 2025-07-12 00:00:00+00:00, run_after=2025-07-13 00:00:00+00:00
[2025-07-12T06:13:09.988+0000] {processor.py:183} INFO - Processing /opt/airflow/dags/update_historical_data.py took 0.068 seconds
[2025-07-12T06:13:40.128+0000] {processor.py:161} INFO - Started process (PID=196) to work on /opt/airflow/dags/update_historical_data.py
[2025-07-12T06:13:40.129+0000] {processor.py:830} INFO - Processing file /opt/airflow/dags/update_historical_data.py for tasks to queue
[2025-07-12T06:13:40.130+0000] {logging_mixin.py:188} INFO - [2025-07-12T06:13:40.129+0000] {dagbag.py:545} INFO - Filling up the DagBag from /opt/airflow/dags/update_historical_data.py
[2025-07-12T06:13:40.136+0000] {processor.py:840} INFO - DAG(s) 'update_historical_data' retrieved from /opt/airflow/dags/update_historical_data.py
[2025-07-12T06:13:40.157+0000] {logging_mixin.py:188} INFO - [2025-07-12T06:13:40.156+0000] {dag.py:3096} INFO - Sync 1 DAGs
[2025-07-12T06:13:40.174+0000] {logging_mixin.py:188} INFO - [2025-07-12T06:13:40.174+0000] {dag.py:3954} INFO - Setting next_dagrun for update_historical_data to 2025-07-12 00:00:00+00:00, run_after=2025-07-13 00:00:00+00:00
[2025-07-12T06:13:40.186+0000] {processor.py:183} INFO - Processing /opt/airflow/dags/update_historical_data.py took 0.062 seconds
[2025-07-12T06:14:10.331+0000] {processor.py:161} INFO - Started process (PID=206) to work on /opt/airflow/dags/update_historical_data.py
[2025-07-12T06:14:10.332+0000] {processor.py:830} INFO - Processing file /opt/airflow/dags/update_historical_data.py for tasks to queue
[2025-07-12T06:14:10.334+0000] {logging_mixin.py:188} INFO - [2025-07-12T06:14:10.333+0000] {dagbag.py:545} INFO - Filling up the DagBag from /opt/airflow/dags/update_historical_data.py
[2025-07-12T06:14:10.342+0000] {processor.py:840} INFO - DAG(s) 'update_historical_data' retrieved from /opt/airflow/dags/update_historical_data.py
[2025-07-12T06:14:10.361+0000] {logging_mixin.py:188} INFO - [2025-07-12T06:14:10.360+0000] {dag.py:3096} INFO - Sync 1 DAGs
[2025-07-12T06:14:10.377+0000] {logging_mixin.py:188} INFO - [2025-07-12T06:14:10.377+0000] {dag.py:3954} INFO - Setting next_dagrun for update_historical_data to 2025-07-12 00:00:00+00:00, run_after=2025-07-13 00:00:00+00:00
[2025-07-12T06:14:10.393+0000] {processor.py:183} INFO - Processing /opt/airflow/dags/update_historical_data.py took 0.067 seconds
[2025-07-12T06:14:40.540+0000] {processor.py:161} INFO - Started process (PID=216) to work on /opt/airflow/dags/update_historical_data.py
[2025-07-12T06:14:40.550+0000] {processor.py:830} INFO - Processing file /opt/airflow/dags/update_historical_data.py for tasks to queue
[2025-07-12T06:14:40.553+0000] {logging_mixin.py:188} INFO - [2025-07-12T06:14:40.552+0000] {dagbag.py:545} INFO - Filling up the DagBag from /opt/airflow/dags/update_historical_data.py
[2025-07-12T06:14:40.562+0000] {processor.py:840} INFO - DAG(s) 'update_historical_data' retrieved from /opt/airflow/dags/update_historical_data.py
[2025-07-12T06:14:40.584+0000] {logging_mixin.py:188} INFO - [2025-07-12T06:14:40.584+0000] {dag.py:3096} INFO - Sync 1 DAGs
[2025-07-12T06:14:40.600+0000] {logging_mixin.py:188} INFO - [2025-07-12T06:14:40.600+0000] {dag.py:3954} INFO - Setting next_dagrun for update_historical_data to 2025-07-12 00:00:00+00:00, run_after=2025-07-13 00:00:00+00:00
[2025-07-12T06:14:40.611+0000] {processor.py:183} INFO - Processing /opt/airflow/dags/update_historical_data.py took 0.077 seconds
[2025-07-12T06:15:10.768+0000] {processor.py:161} INFO - Started process (PID=226) to work on /opt/airflow/dags/update_historical_data.py
[2025-07-12T06:15:10.778+0000] {processor.py:830} INFO - Processing file /opt/airflow/dags/update_historical_data.py for tasks to queue
[2025-07-12T06:15:10.780+0000] {logging_mixin.py:188} INFO - [2025-07-12T06:15:10.780+0000] {dagbag.py:545} INFO - Filling up the DagBag from /opt/airflow/dags/update_historical_data.py
[2025-07-12T06:15:10.788+0000] {processor.py:840} INFO - DAG(s) 'update_historical_data' retrieved from /opt/airflow/dags/update_historical_data.py
[2025-07-12T06:15:10.806+0000] {logging_mixin.py:188} INFO - [2025-07-12T06:15:10.806+0000] {dag.py:3096} INFO - Sync 1 DAGs
[2025-07-12T06:15:10.822+0000] {logging_mixin.py:188} INFO - [2025-07-12T06:15:10.822+0000] {dag.py:3954} INFO - Setting next_dagrun for update_historical_data to 2025-07-12 00:00:00+00:00, run_after=2025-07-13 00:00:00+00:00
[2025-07-12T06:15:10.835+0000] {processor.py:183} INFO - Processing /opt/airflow/dags/update_historical_data.py took 0.072 seconds
[2025-07-12T06:15:40.995+0000] {processor.py:161} INFO - Started process (PID=248) to work on /opt/airflow/dags/update_historical_data.py
[2025-07-12T06:15:41.005+0000] {processor.py:830} INFO - Processing file /opt/airflow/dags/update_historical_data.py for tasks to queue
[2025-07-12T06:15:41.008+0000] {logging_mixin.py:188} INFO - [2025-07-12T06:15:41.007+0000] {dagbag.py:545} INFO - Filling up the DagBag from /opt/airflow/dags/update_historical_data.py
[2025-07-12T06:15:41.016+0000] {processor.py:840} INFO - DAG(s) 'update_historical_data' retrieved from /opt/airflow/dags/update_historical_data.py
[2025-07-12T06:15:41.034+0000] {logging_mixin.py:188} INFO - [2025-07-12T06:15:41.034+0000] {dag.py:3096} INFO - Sync 1 DAGs
[2025-07-12T06:15:41.050+0000] {logging_mixin.py:188} INFO - [2025-07-12T06:15:41.050+0000] {dag.py:3954} INFO - Setting next_dagrun for update_historical_data to 2025-07-12 00:00:00+00:00, run_after=2025-07-13 00:00:00+00:00
[2025-07-12T06:15:41.064+0000] {processor.py:183} INFO - Processing /opt/airflow/dags/update_historical_data.py took 0.075 seconds
[2025-07-12T06:16:11.196+0000] {processor.py:161} INFO - Started process (PID=258) to work on /opt/airflow/dags/update_historical_data.py
[2025-07-12T06:16:11.197+0000] {processor.py:830} INFO - Processing file /opt/airflow/dags/update_historical_data.py for tasks to queue
[2025-07-12T06:16:11.198+0000] {logging_mixin.py:188} INFO - [2025-07-12T06:16:11.198+0000] {dagbag.py:545} INFO - Filling up the DagBag from /opt/airflow/dags/update_historical_data.py
[2025-07-12T06:16:11.206+0000] {processor.py:840} INFO - DAG(s) 'update_historical_data' retrieved from /opt/airflow/dags/update_historical_data.py
[2025-07-12T06:16:11.228+0000] {logging_mixin.py:188} INFO - [2025-07-12T06:16:11.228+0000] {dag.py:3096} INFO - Sync 1 DAGs
[2025-07-12T06:16:11.245+0000] {logging_mixin.py:188} INFO - [2025-07-12T06:16:11.245+0000] {dag.py:3954} INFO - Setting next_dagrun for update_historical_data to 2025-07-12 00:00:00+00:00, run_after=2025-07-13 00:00:00+00:00
[2025-07-12T06:16:11.257+0000] {processor.py:183} INFO - Processing /opt/airflow/dags/update_historical_data.py took 0.067 seconds
[2025-07-12T06:16:41.402+0000] {processor.py:161} INFO - Started process (PID=268) to work on /opt/airflow/dags/update_historical_data.py
[2025-07-12T06:16:41.413+0000] {processor.py:830} INFO - Processing file /opt/airflow/dags/update_historical_data.py for tasks to queue
[2025-07-12T06:16:41.415+0000] {logging_mixin.py:188} INFO - [2025-07-12T06:16:41.414+0000] {dagbag.py:545} INFO - Filling up the DagBag from /opt/airflow/dags/update_historical_data.py
[2025-07-12T06:16:41.425+0000] {processor.py:840} INFO - DAG(s) 'update_historical_data' retrieved from /opt/airflow/dags/update_historical_data.py
[2025-07-12T06:16:41.442+0000] {logging_mixin.py:188} INFO - [2025-07-12T06:16:41.441+0000] {dag.py:3096} INFO - Sync 1 DAGs
[2025-07-12T06:16:41.456+0000] {logging_mixin.py:188} INFO - [2025-07-12T06:16:41.456+0000] {dag.py:3954} INFO - Setting next_dagrun for update_historical_data to 2025-07-12 00:00:00+00:00, run_after=2025-07-13 00:00:00+00:00
[2025-07-12T06:16:41.467+0000] {processor.py:183} INFO - Processing /opt/airflow/dags/update_historical_data.py took 0.069 seconds
[2025-07-12T06:17:18.470+0000] {processor.py:161} INFO - Started process (PID=164) to work on /opt/airflow/dags/update_historical_data.py
[2025-07-12T06:17:18.471+0000] {processor.py:830} INFO - Processing file /opt/airflow/dags/update_historical_data.py for tasks to queue
[2025-07-12T06:17:18.473+0000] {logging_mixin.py:188} INFO - [2025-07-12T06:17:18.472+0000] {dagbag.py:545} INFO - Filling up the DagBag from /opt/airflow/dags/update_historical_data.py
[2025-07-12T06:17:18.486+0000] {processor.py:840} INFO - DAG(s) 'update_historical_data' retrieved from /opt/airflow/dags/update_historical_data.py
[2025-07-12T06:17:18.516+0000] {logging_mixin.py:188} INFO - [2025-07-12T06:17:18.516+0000] {dag.py:3096} INFO - Sync 1 DAGs
[2025-07-12T06:17:18.539+0000] {logging_mixin.py:188} INFO - [2025-07-12T06:17:18.539+0000] {dag.py:3954} INFO - Setting next_dagrun for update_historical_data to 2025-07-12 00:00:00+00:00, run_after=2025-07-13 00:00:00+00:00
[2025-07-12T06:17:18.569+0000] {processor.py:183} INFO - Processing /opt/airflow/dags/update_historical_data.py took 0.113 seconds
[2025-07-12T06:17:48.694+0000] {processor.py:161} INFO - Started process (PID=181) to work on /opt/airflow/dags/update_historical_data.py
[2025-07-12T06:17:48.695+0000] {processor.py:830} INFO - Processing file /opt/airflow/dags/update_historical_data.py for tasks to queue
[2025-07-12T06:17:48.697+0000] {logging_mixin.py:188} INFO - [2025-07-12T06:17:48.697+0000] {dagbag.py:545} INFO - Filling up the DagBag from /opt/airflow/dags/update_historical_data.py
[2025-07-12T06:17:48.704+0000] {processor.py:840} INFO - DAG(s) 'update_historical_data' retrieved from /opt/airflow/dags/update_historical_data.py
[2025-07-12T06:17:48.883+0000] {logging_mixin.py:188} INFO - [2025-07-12T06:17:48.882+0000] {dag.py:3096} INFO - Sync 1 DAGs
[2025-07-12T06:17:48.900+0000] {logging_mixin.py:188} INFO - [2025-07-12T06:17:48.899+0000] {dag.py:3954} INFO - Setting next_dagrun for update_historical_data to 2025-07-12 00:00:00+00:00, run_after=2025-07-13 00:00:00+00:00
[2025-07-12T06:17:48.914+0000] {processor.py:183} INFO - Processing /opt/airflow/dags/update_historical_data.py took 0.225 seconds
[2025-07-12T06:18:19.069+0000] {processor.py:161} INFO - Started process (PID=203) to work on /opt/airflow/dags/update_historical_data.py
[2025-07-12T06:18:19.079+0000] {processor.py:830} INFO - Processing file /opt/airflow/dags/update_historical_data.py for tasks to queue
[2025-07-12T06:18:19.082+0000] {logging_mixin.py:188} INFO - [2025-07-12T06:18:19.081+0000] {dagbag.py:545} INFO - Filling up the DagBag from /opt/airflow/dags/update_historical_data.py
[2025-07-12T06:18:19.093+0000] {processor.py:840} INFO - DAG(s) 'update_historical_data' retrieved from /opt/airflow/dags/update_historical_data.py
[2025-07-12T06:18:19.110+0000] {logging_mixin.py:188} INFO - [2025-07-12T06:18:19.110+0000] {dag.py:3096} INFO - Sync 1 DAGs
[2025-07-12T06:18:19.125+0000] {logging_mixin.py:188} INFO - [2025-07-12T06:18:19.125+0000] {dag.py:3954} INFO - Setting next_dagrun for update_historical_data to 2025-07-12 00:00:00+00:00, run_after=2025-07-13 00:00:00+00:00
[2025-07-12T06:18:19.137+0000] {processor.py:183} INFO - Processing /opt/airflow/dags/update_historical_data.py took 0.073 seconds
[2025-07-12T06:18:28.192+0000] {processor.py:161} INFO - Started process (PID=213) to work on /opt/airflow/dags/update_historical_data.py
[2025-07-12T06:18:28.193+0000] {processor.py:830} INFO - Processing file /opt/airflow/dags/update_historical_data.py for tasks to queue
[2025-07-12T06:18:28.194+0000] {logging_mixin.py:188} INFO - [2025-07-12T06:18:28.194+0000] {dagbag.py:545} INFO - Filling up the DagBag from /opt/airflow/dags/update_historical_data.py
[2025-07-12T06:18:28.200+0000] {processor.py:840} INFO - DAG(s) 'update_historical_data' retrieved from /opt/airflow/dags/update_historical_data.py
[2025-07-12T06:18:28.264+0000] {logging_mixin.py:188} INFO - [2025-07-12T06:18:28.264+0000] {dag.py:3096} INFO - Sync 1 DAGs
[2025-07-12T06:18:28.276+0000] {logging_mixin.py:188} INFO - [2025-07-12T06:18:28.276+0000] {dag.py:3954} INFO - Setting next_dagrun for update_historical_data to 2025-07-12 00:00:00+00:00, run_after=2025-07-13 00:00:00+00:00
[2025-07-12T06:18:28.288+0000] {processor.py:183} INFO - Processing /opt/airflow/dags/update_historical_data.py took 0.099 seconds
[2025-07-12T06:18:58.345+0000] {processor.py:161} INFO - Started process (PID=223) to work on /opt/airflow/dags/update_historical_data.py
[2025-07-12T06:18:58.356+0000] {processor.py:830} INFO - Processing file /opt/airflow/dags/update_historical_data.py for tasks to queue
[2025-07-12T06:18:58.358+0000] {logging_mixin.py:188} INFO - [2025-07-12T06:18:58.358+0000] {dagbag.py:545} INFO - Filling up the DagBag from /opt/airflow/dags/update_historical_data.py
[2025-07-12T06:18:58.370+0000] {processor.py:840} INFO - DAG(s) 'update_historical_data' retrieved from /opt/airflow/dags/update_historical_data.py
[2025-07-12T06:18:58.388+0000] {logging_mixin.py:188} INFO - [2025-07-12T06:18:58.388+0000] {dag.py:3096} INFO - Sync 1 DAGs
[2025-07-12T06:18:58.403+0000] {logging_mixin.py:188} INFO - [2025-07-12T06:18:58.403+0000] {dag.py:3954} INFO - Setting next_dagrun for update_historical_data to 2025-07-12 00:00:00+00:00, run_after=2025-07-13 00:00:00+00:00
[2025-07-12T06:18:58.414+0000] {processor.py:183} INFO - Processing /opt/airflow/dags/update_historical_data.py took 0.074 seconds
[2025-07-12T06:19:15.473+0000] {processor.py:161} INFO - Started process (PID=228) to work on /opt/airflow/dags/update_historical_data.py
[2025-07-12T06:19:15.474+0000] {processor.py:830} INFO - Processing file /opt/airflow/dags/update_historical_data.py for tasks to queue
[2025-07-12T06:19:15.476+0000] {logging_mixin.py:188} INFO - [2025-07-12T06:19:15.475+0000] {dagbag.py:545} INFO - Filling up the DagBag from /opt/airflow/dags/update_historical_data.py
[2025-07-12T06:19:15.485+0000] {processor.py:840} INFO - DAG(s) 'update_historical_data' retrieved from /opt/airflow/dags/update_historical_data.py
[2025-07-12T06:19:15.501+0000] {logging_mixin.py:188} INFO - [2025-07-12T06:19:15.501+0000] {dag.py:3096} INFO - Sync 1 DAGs
[2025-07-12T06:19:15.514+0000] {logging_mixin.py:188} INFO - [2025-07-12T06:19:15.514+0000] {dag.py:3954} INFO - Setting next_dagrun for update_historical_data to 2025-07-12 00:00:00+00:00, run_after=2025-07-13 00:00:00+00:00
[2025-07-12T06:19:15.525+0000] {processor.py:183} INFO - Processing /opt/airflow/dags/update_historical_data.py took 0.060 seconds
[2025-07-12T06:19:17.523+0000] {processor.py:161} INFO - Started process (PID=233) to work on /opt/airflow/dags/update_historical_data.py
[2025-07-12T06:19:17.524+0000] {processor.py:830} INFO - Processing file /opt/airflow/dags/update_historical_data.py for tasks to queue
[2025-07-12T06:19:17.526+0000] {logging_mixin.py:188} INFO - [2025-07-12T06:19:17.525+0000] {dagbag.py:545} INFO - Filling up the DagBag from /opt/airflow/dags/update_historical_data.py
[2025-07-12T06:19:17.534+0000] {processor.py:840} INFO - DAG(s) 'update_historical_data' retrieved from /opt/airflow/dags/update_historical_data.py
[2025-07-12T06:19:17.554+0000] {logging_mixin.py:188} INFO - [2025-07-12T06:19:17.553+0000] {dag.py:3096} INFO - Sync 1 DAGs
[2025-07-12T06:19:17.571+0000] {logging_mixin.py:188} INFO - [2025-07-12T06:19:17.571+0000] {dag.py:3954} INFO - Setting next_dagrun for update_historical_data to 2025-07-12 00:00:00+00:00, run_after=2025-07-13 00:00:00+00:00
[2025-07-12T06:19:17.585+0000] {processor.py:183} INFO - Processing /opt/airflow/dags/update_historical_data.py took 0.070 seconds
[2025-07-12T06:19:47.759+0000] {processor.py:161} INFO - Started process (PID=248) to work on /opt/airflow/dags/update_historical_data.py
[2025-07-12T06:19:47.760+0000] {processor.py:830} INFO - Processing file /opt/airflow/dags/update_historical_data.py for tasks to queue
[2025-07-12T06:19:47.762+0000] {logging_mixin.py:188} INFO - [2025-07-12T06:19:47.761+0000] {dagbag.py:545} INFO - Filling up the DagBag from /opt/airflow/dags/update_historical_data.py
[2025-07-12T06:19:47.770+0000] {processor.py:840} INFO - DAG(s) 'update_historical_data' retrieved from /opt/airflow/dags/update_historical_data.py
[2025-07-12T06:19:47.788+0000] {logging_mixin.py:188} INFO - [2025-07-12T06:19:47.788+0000] {dag.py:3096} INFO - Sync 1 DAGs
[2025-07-12T06:19:47.804+0000] {logging_mixin.py:188} INFO - [2025-07-12T06:19:47.803+0000] {dag.py:3954} INFO - Setting next_dagrun for update_historical_data to 2025-07-12 00:00:00+00:00, run_after=2025-07-13 00:00:00+00:00
[2025-07-12T06:19:47.814+0000] {processor.py:183} INFO - Processing /opt/airflow/dags/update_historical_data.py took 0.062 seconds
[2025-07-12T06:20:17.973+0000] {processor.py:161} INFO - Started process (PID=258) to work on /opt/airflow/dags/update_historical_data.py
[2025-07-12T06:20:17.984+0000] {processor.py:830} INFO - Processing file /opt/airflow/dags/update_historical_data.py for tasks to queue
[2025-07-12T06:20:17.986+0000] {logging_mixin.py:188} INFO - [2025-07-12T06:20:17.985+0000] {dagbag.py:545} INFO - Filling up the DagBag from /opt/airflow/dags/update_historical_data.py
[2025-07-12T06:20:17.994+0000] {processor.py:840} INFO - DAG(s) 'update_historical_data' retrieved from /opt/airflow/dags/update_historical_data.py
[2025-07-12T06:20:18.016+0000] {logging_mixin.py:188} INFO - [2025-07-12T06:20:18.015+0000] {dag.py:3096} INFO - Sync 1 DAGs
[2025-07-12T06:20:18.031+0000] {logging_mixin.py:188} INFO - [2025-07-12T06:20:18.031+0000] {dag.py:3954} INFO - Setting next_dagrun for update_historical_data to 2025-07-12 00:00:00+00:00, run_after=2025-07-13 00:00:00+00:00
[2025-07-12T06:20:18.042+0000] {processor.py:183} INFO - Processing /opt/airflow/dags/update_historical_data.py took 0.078 seconds
[2025-07-12T06:20:48.193+0000] {processor.py:161} INFO - Started process (PID=268) to work on /opt/airflow/dags/update_historical_data.py
[2025-07-12T06:20:48.203+0000] {processor.py:830} INFO - Processing file /opt/airflow/dags/update_historical_data.py for tasks to queue
[2025-07-12T06:20:48.205+0000] {logging_mixin.py:188} INFO - [2025-07-12T06:20:48.205+0000] {dagbag.py:545} INFO - Filling up the DagBag from /opt/airflow/dags/update_historical_data.py
[2025-07-12T06:20:48.213+0000] {processor.py:840} INFO - DAG(s) 'update_historical_data' retrieved from /opt/airflow/dags/update_historical_data.py
[2025-07-12T06:20:48.234+0000] {logging_mixin.py:188} INFO - [2025-07-12T06:20:48.234+0000] {dag.py:3096} INFO - Sync 1 DAGs
[2025-07-12T06:20:48.251+0000] {logging_mixin.py:188} INFO - [2025-07-12T06:20:48.251+0000] {dag.py:3954} INFO - Setting next_dagrun for update_historical_data to 2025-07-12 00:00:00+00:00, run_after=2025-07-13 00:00:00+00:00
[2025-07-12T06:20:48.264+0000] {processor.py:183} INFO - Processing /opt/airflow/dags/update_historical_data.py took 0.077 seconds
[2025-07-12T06:20:55.264+0000] {processor.py:161} INFO - Started process (PID=273) to work on /opt/airflow/dags/update_historical_data.py
[2025-07-12T06:20:55.275+0000] {processor.py:830} INFO - Processing file /opt/airflow/dags/update_historical_data.py for tasks to queue
[2025-07-12T06:20:55.276+0000] {logging_mixin.py:188} INFO - [2025-07-12T06:20:55.276+0000] {dagbag.py:545} INFO - Filling up the DagBag from /opt/airflow/dags/update_historical_data.py
[2025-07-12T06:20:55.278+0000] {logging_mixin.py:188} INFO - [2025-07-12T06:20:55.277+0000] {dagbag.py:355} ERROR - Failed to import: /opt/airflow/dags/update_historical_data.py
Traceback (most recent call last):
  File "/home/airflow/.local/lib/python3.12/site-packages/airflow/models/dagbag.py", line 351, in parse
    loader.exec_module(new_module)
  File "<frozen importlib._bootstrap_external>", line 991, in exec_module
  File "<frozen importlib._bootstrap_external>", line 1129, in get_code
  File "<frozen importlib._bootstrap_external>", line 1059, in source_to_code
  File "<frozen importlib._bootstrap>", line 488, in _call_with_frames_removed
  File "/opt/airflow/dags/update_historical_data.py", line 19
    update_task = BashOperator(
    ^^^^^^^^^^^
IndentationError: expected an indented block after 'with' statement on line 11
[2025-07-12T06:20:55.278+0000] {processor.py:842} WARNING - No viable dags retrieved from /opt/airflow/dags/update_historical_data.py
[2025-07-12T06:20:55.293+0000] {processor.py:183} INFO - Processing /opt/airflow/dags/update_historical_data.py took 0.032 seconds
[2025-07-12T06:21:09.373+0000] {processor.py:161} INFO - Started process (PID=283) to work on /opt/airflow/dags/update_historical_data.py
[2025-07-12T06:21:09.384+0000] {processor.py:830} INFO - Processing file /opt/airflow/dags/update_historical_data.py for tasks to queue
[2025-07-12T06:21:09.386+0000] {logging_mixin.py:188} INFO - [2025-07-12T06:21:09.386+0000] {dagbag.py:545} INFO - Filling up the DagBag from /opt/airflow/dags/update_historical_data.py
[2025-07-12T06:21:09.399+0000] {processor.py:840} INFO - DAG(s) 'update_historical_data' retrieved from /opt/airflow/dags/update_historical_data.py
[2025-07-12T06:21:09.463+0000] {logging_mixin.py:188} INFO - [2025-07-12T06:21:09.463+0000] {dag.py:3096} INFO - Sync 1 DAGs
[2025-07-12T06:21:09.476+0000] {logging_mixin.py:188} INFO - [2025-07-12T06:21:09.475+0000] {dag.py:3954} INFO - Setting next_dagrun for update_historical_data to 2025-07-12 00:00:00+00:00, run_after=2025-07-13 00:00:00+00:00
[2025-07-12T06:21:09.487+0000] {processor.py:183} INFO - Processing /opt/airflow/dags/update_historical_data.py took 0.121 seconds
[2025-07-12T06:21:10.427+0000] {processor.py:161} INFO - Started process (PID=288) to work on /opt/airflow/dags/update_historical_data.py
[2025-07-12T06:21:10.427+0000] {processor.py:830} INFO - Processing file /opt/airflow/dags/update_historical_data.py for tasks to queue
[2025-07-12T06:21:10.428+0000] {logging_mixin.py:188} INFO - [2025-07-12T06:21:10.428+0000] {dagbag.py:545} INFO - Filling up the DagBag from /opt/airflow/dags/update_historical_data.py
[2025-07-12T06:21:10.436+0000] {processor.py:840} INFO - DAG(s) 'update_historical_data' retrieved from /opt/airflow/dags/update_historical_data.py
[2025-07-12T06:21:10.444+0000] {logging_mixin.py:188} INFO - [2025-07-12T06:21:10.444+0000] {dag.py:3096} INFO - Sync 1 DAGs
[2025-07-12T06:21:10.458+0000] {logging_mixin.py:188} INFO - [2025-07-12T06:21:10.458+0000] {dag.py:3954} INFO - Setting next_dagrun for update_historical_data to 2025-07-12 00:00:00+00:00, run_after=2025-07-13 00:00:00+00:00
[2025-07-12T06:21:10.470+0000] {processor.py:183} INFO - Processing /opt/airflow/dags/update_historical_data.py took 0.046 seconds
[2025-07-12T06:21:40.625+0000] {processor.py:161} INFO - Started process (PID=333) to work on /opt/airflow/dags/update_historical_data.py
[2025-07-12T06:21:40.635+0000] {processor.py:830} INFO - Processing file /opt/airflow/dags/update_historical_data.py for tasks to queue
[2025-07-12T06:21:40.637+0000] {logging_mixin.py:188} INFO - [2025-07-12T06:21:40.637+0000] {dagbag.py:545} INFO - Filling up the DagBag from /opt/airflow/dags/update_historical_data.py
[2025-07-12T06:21:40.646+0000] {processor.py:840} INFO - DAG(s) 'update_historical_data' retrieved from /opt/airflow/dags/update_historical_data.py
[2025-07-12T06:21:40.666+0000] {logging_mixin.py:188} INFO - [2025-07-12T06:21:40.665+0000] {dag.py:3096} INFO - Sync 1 DAGs
[2025-07-12T06:21:40.681+0000] {logging_mixin.py:188} INFO - [2025-07-12T06:21:40.681+0000] {dag.py:3954} INFO - Setting next_dagrun for update_historical_data to 2025-07-12 00:00:00+00:00, run_after=2025-07-13 00:00:00+00:00
[2025-07-12T06:21:40.693+0000] {processor.py:183} INFO - Processing /opt/airflow/dags/update_historical_data.py took 0.073 seconds
[2025-07-12T06:22:10.921+0000] {processor.py:161} INFO - Started process (PID=358) to work on /opt/airflow/dags/update_historical_data.py
[2025-07-12T06:22:10.922+0000] {processor.py:830} INFO - Processing file /opt/airflow/dags/update_historical_data.py for tasks to queue
[2025-07-12T06:22:10.923+0000] {logging_mixin.py:188} INFO - [2025-07-12T06:22:10.923+0000] {dagbag.py:545} INFO - Filling up the DagBag from /opt/airflow/dags/update_historical_data.py
[2025-07-12T06:22:10.930+0000] {processor.py:840} INFO - DAG(s) 'update_historical_data' retrieved from /opt/airflow/dags/update_historical_data.py
[2025-07-12T06:22:10.948+0000] {logging_mixin.py:188} INFO - [2025-07-12T06:22:10.947+0000] {dag.py:3096} INFO - Sync 1 DAGs
[2025-07-12T06:22:10.962+0000] {logging_mixin.py:188} INFO - [2025-07-12T06:22:10.962+0000] {dag.py:3954} INFO - Setting next_dagrun for update_historical_data to 2025-07-12 00:00:00+00:00, run_after=2025-07-13 00:00:00+00:00
[2025-07-12T06:22:10.973+0000] {processor.py:183} INFO - Processing /opt/airflow/dags/update_historical_data.py took 0.058 seconds
[2025-07-12T06:22:41.090+0000] {processor.py:161} INFO - Started process (PID=380) to work on /opt/airflow/dags/update_historical_data.py
[2025-07-12T06:22:41.090+0000] {processor.py:830} INFO - Processing file /opt/airflow/dags/update_historical_data.py for tasks to queue
[2025-07-12T06:22:41.092+0000] {logging_mixin.py:188} INFO - [2025-07-12T06:22:41.091+0000] {dagbag.py:545} INFO - Filling up the DagBag from /opt/airflow/dags/update_historical_data.py
[2025-07-12T06:22:41.100+0000] {processor.py:840} INFO - DAG(s) 'update_historical_data' retrieved from /opt/airflow/dags/update_historical_data.py
[2025-07-12T06:22:41.121+0000] {logging_mixin.py:188} INFO - [2025-07-12T06:22:41.120+0000] {dag.py:3096} INFO - Sync 1 DAGs
[2025-07-12T06:22:41.138+0000] {logging_mixin.py:188} INFO - [2025-07-12T06:22:41.138+0000] {dag.py:3954} INFO - Setting next_dagrun for update_historical_data to 2025-07-12 00:00:00+00:00, run_after=2025-07-13 00:00:00+00:00
[2025-07-12T06:22:41.151+0000] {processor.py:183} INFO - Processing /opt/airflow/dags/update_historical_data.py took 0.066 seconds
[2025-07-12T06:23:11.234+0000] {processor.py:161} INFO - Started process (PID=390) to work on /opt/airflow/dags/update_historical_data.py
[2025-07-12T06:23:11.235+0000] {processor.py:830} INFO - Processing file /opt/airflow/dags/update_historical_data.py for tasks to queue
[2025-07-12T06:23:11.236+0000] {logging_mixin.py:188} INFO - [2025-07-12T06:23:11.235+0000] {dagbag.py:545} INFO - Filling up the DagBag from /opt/airflow/dags/update_historical_data.py
[2025-07-12T06:23:11.243+0000] {processor.py:840} INFO - DAG(s) 'update_historical_data' retrieved from /opt/airflow/dags/update_historical_data.py
[2025-07-12T06:23:11.261+0000] {logging_mixin.py:188} INFO - [2025-07-12T06:23:11.261+0000] {dag.py:3096} INFO - Sync 1 DAGs
[2025-07-12T06:23:11.278+0000] {logging_mixin.py:188} INFO - [2025-07-12T06:23:11.277+0000] {dag.py:3954} INFO - Setting next_dagrun for update_historical_data to 2025-07-12 00:00:00+00:00, run_after=2025-07-13 00:00:00+00:00
[2025-07-12T06:23:11.288+0000] {processor.py:183} INFO - Processing /opt/airflow/dags/update_historical_data.py took 0.058 seconds
[2025-07-12T06:23:41.376+0000] {processor.py:161} INFO - Started process (PID=400) to work on /opt/airflow/dags/update_historical_data.py
[2025-07-12T06:23:41.376+0000] {processor.py:830} INFO - Processing file /opt/airflow/dags/update_historical_data.py for tasks to queue
[2025-07-12T06:23:41.377+0000] {logging_mixin.py:188} INFO - [2025-07-12T06:23:41.377+0000] {dagbag.py:545} INFO - Filling up the DagBag from /opt/airflow/dags/update_historical_data.py
[2025-07-12T06:23:41.385+0000] {processor.py:840} INFO - DAG(s) 'update_historical_data' retrieved from /opt/airflow/dags/update_historical_data.py
[2025-07-12T06:23:41.404+0000] {logging_mixin.py:188} INFO - [2025-07-12T06:23:41.404+0000] {dag.py:3096} INFO - Sync 1 DAGs
[2025-07-12T06:23:41.423+0000] {logging_mixin.py:188} INFO - [2025-07-12T06:23:41.422+0000] {dag.py:3954} INFO - Setting next_dagrun for update_historical_data to 2025-07-12 00:00:00+00:00, run_after=2025-07-13 00:00:00+00:00
[2025-07-12T06:23:41.434+0000] {processor.py:183} INFO - Processing /opt/airflow/dags/update_historical_data.py took 0.062 seconds
[2025-07-12T06:24:11.520+0000] {processor.py:161} INFO - Started process (PID=410) to work on /opt/airflow/dags/update_historical_data.py
[2025-07-12T06:24:11.521+0000] {processor.py:830} INFO - Processing file /opt/airflow/dags/update_historical_data.py for tasks to queue
[2025-07-12T06:24:11.522+0000] {logging_mixin.py:188} INFO - [2025-07-12T06:24:11.521+0000] {dagbag.py:545} INFO - Filling up the DagBag from /opt/airflow/dags/update_historical_data.py
[2025-07-12T06:24:11.528+0000] {processor.py:840} INFO - DAG(s) 'update_historical_data' retrieved from /opt/airflow/dags/update_historical_data.py
[2025-07-12T06:24:11.546+0000] {logging_mixin.py:188} INFO - [2025-07-12T06:24:11.546+0000] {dag.py:3096} INFO - Sync 1 DAGs
[2025-07-12T06:24:11.562+0000] {logging_mixin.py:188} INFO - [2025-07-12T06:24:11.562+0000] {dag.py:3954} INFO - Setting next_dagrun for update_historical_data to 2025-07-12 00:00:00+00:00, run_after=2025-07-13 00:00:00+00:00
[2025-07-12T06:24:11.573+0000] {processor.py:183} INFO - Processing /opt/airflow/dags/update_historical_data.py took 0.057 seconds
[2025-07-12T06:24:41.659+0000] {processor.py:161} INFO - Started process (PID=420) to work on /opt/airflow/dags/update_historical_data.py
[2025-07-12T06:24:41.659+0000] {processor.py:830} INFO - Processing file /opt/airflow/dags/update_historical_data.py for tasks to queue
[2025-07-12T06:24:41.660+0000] {logging_mixin.py:188} INFO - [2025-07-12T06:24:41.660+0000] {dagbag.py:545} INFO - Filling up the DagBag from /opt/airflow/dags/update_historical_data.py
[2025-07-12T06:24:41.668+0000] {processor.py:840} INFO - DAG(s) 'update_historical_data' retrieved from /opt/airflow/dags/update_historical_data.py
[2025-07-12T06:24:41.688+0000] {logging_mixin.py:188} INFO - [2025-07-12T06:24:41.687+0000] {dag.py:3096} INFO - Sync 1 DAGs
[2025-07-12T06:24:41.704+0000] {logging_mixin.py:188} INFO - [2025-07-12T06:24:41.704+0000] {dag.py:3954} INFO - Setting next_dagrun for update_historical_data to 2025-07-12 00:00:00+00:00, run_after=2025-07-13 00:00:00+00:00
[2025-07-12T06:24:41.716+0000] {processor.py:183} INFO - Processing /opt/airflow/dags/update_historical_data.py took 0.062 seconds
[2025-07-12T06:25:11.836+0000] {processor.py:161} INFO - Started process (PID=430) to work on /opt/airflow/dags/update_historical_data.py
[2025-07-12T06:25:11.837+0000] {processor.py:830} INFO - Processing file /opt/airflow/dags/update_historical_data.py for tasks to queue
[2025-07-12T06:25:11.838+0000] {logging_mixin.py:188} INFO - [2025-07-12T06:25:11.838+0000] {dagbag.py:545} INFO - Filling up the DagBag from /opt/airflow/dags/update_historical_data.py
[2025-07-12T06:25:11.846+0000] {processor.py:840} INFO - DAG(s) 'update_historical_data' retrieved from /opt/airflow/dags/update_historical_data.py
[2025-07-12T06:25:11.866+0000] {logging_mixin.py:188} INFO - [2025-07-12T06:25:11.866+0000] {dag.py:3096} INFO - Sync 1 DAGs
[2025-07-12T06:25:11.883+0000] {logging_mixin.py:188} INFO - [2025-07-12T06:25:11.883+0000] {dag.py:3954} INFO - Setting next_dagrun for update_historical_data to 2025-07-12 00:00:00+00:00, run_after=2025-07-13 00:00:00+00:00
[2025-07-12T06:25:11.896+0000] {processor.py:183} INFO - Processing /opt/airflow/dags/update_historical_data.py took 0.063 seconds
[2025-07-12T06:25:41.977+0000] {processor.py:161} INFO - Started process (PID=440) to work on /opt/airflow/dags/update_historical_data.py
[2025-07-12T06:25:41.977+0000] {processor.py:830} INFO - Processing file /opt/airflow/dags/update_historical_data.py for tasks to queue
[2025-07-12T06:25:41.979+0000] {logging_mixin.py:188} INFO - [2025-07-12T06:25:41.978+0000] {dagbag.py:545} INFO - Filling up the DagBag from /opt/airflow/dags/update_historical_data.py
[2025-07-12T06:25:41.986+0000] {processor.py:840} INFO - DAG(s) 'update_historical_data' retrieved from /opt/airflow/dags/update_historical_data.py
[2025-07-12T06:25:42.007+0000] {logging_mixin.py:188} INFO - [2025-07-12T06:25:42.006+0000] {dag.py:3096} INFO - Sync 1 DAGs
[2025-07-12T06:25:42.025+0000] {logging_mixin.py:188} INFO - [2025-07-12T06:25:42.025+0000] {dag.py:3954} INFO - Setting next_dagrun for update_historical_data to 2025-07-12 00:00:00+00:00, run_after=2025-07-13 00:00:00+00:00
[2025-07-12T06:25:42.039+0000] {processor.py:183} INFO - Processing /opt/airflow/dags/update_historical_data.py took 0.066 seconds
[2025-07-12T06:26:12.124+0000] {processor.py:161} INFO - Started process (PID=450) to work on /opt/airflow/dags/update_historical_data.py
[2025-07-12T06:26:12.125+0000] {processor.py:830} INFO - Processing file /opt/airflow/dags/update_historical_data.py for tasks to queue
[2025-07-12T06:26:12.126+0000] {logging_mixin.py:188} INFO - [2025-07-12T06:26:12.126+0000] {dagbag.py:545} INFO - Filling up the DagBag from /opt/airflow/dags/update_historical_data.py
[2025-07-12T06:26:12.132+0000] {processor.py:840} INFO - DAG(s) 'update_historical_data' retrieved from /opt/airflow/dags/update_historical_data.py
[2025-07-12T06:26:12.151+0000] {logging_mixin.py:188} INFO - [2025-07-12T06:26:12.151+0000] {dag.py:3096} INFO - Sync 1 DAGs
[2025-07-12T06:26:12.169+0000] {logging_mixin.py:188} INFO - [2025-07-12T06:26:12.169+0000] {dag.py:3954} INFO - Setting next_dagrun for update_historical_data to 2025-07-12 00:00:00+00:00, run_after=2025-07-13 00:00:00+00:00
[2025-07-12T06:26:12.182+0000] {processor.py:183} INFO - Processing /opt/airflow/dags/update_historical_data.py took 0.062 seconds
[2025-07-12T06:26:42.262+0000] {processor.py:161} INFO - Started process (PID=460) to work on /opt/airflow/dags/update_historical_data.py
[2025-07-12T06:26:42.262+0000] {processor.py:830} INFO - Processing file /opt/airflow/dags/update_historical_data.py for tasks to queue
[2025-07-12T06:26:42.264+0000] {logging_mixin.py:188} INFO - [2025-07-12T06:26:42.263+0000] {dagbag.py:545} INFO - Filling up the DagBag from /opt/airflow/dags/update_historical_data.py
[2025-07-12T06:26:42.273+0000] {processor.py:840} INFO - DAG(s) 'update_historical_data' retrieved from /opt/airflow/dags/update_historical_data.py
[2025-07-12T06:26:42.291+0000] {logging_mixin.py:188} INFO - [2025-07-12T06:26:42.291+0000] {dag.py:3096} INFO - Sync 1 DAGs
[2025-07-12T06:26:42.307+0000] {logging_mixin.py:188} INFO - [2025-07-12T06:26:42.307+0000] {dag.py:3954} INFO - Setting next_dagrun for update_historical_data to 2025-07-12 00:00:00+00:00, run_after=2025-07-13 00:00:00+00:00
[2025-07-12T06:26:42.319+0000] {processor.py:183} INFO - Processing /opt/airflow/dags/update_historical_data.py took 0.062 seconds
[2025-07-12T06:27:12.397+0000] {processor.py:161} INFO - Started process (PID=470) to work on /opt/airflow/dags/update_historical_data.py
[2025-07-12T06:27:12.398+0000] {processor.py:830} INFO - Processing file /opt/airflow/dags/update_historical_data.py for tasks to queue
[2025-07-12T06:27:12.399+0000] {logging_mixin.py:188} INFO - [2025-07-12T06:27:12.398+0000] {dagbag.py:545} INFO - Filling up the DagBag from /opt/airflow/dags/update_historical_data.py
[2025-07-12T06:27:12.406+0000] {processor.py:840} INFO - DAG(s) 'update_historical_data' retrieved from /opt/airflow/dags/update_historical_data.py
[2025-07-12T06:27:12.424+0000] {logging_mixin.py:188} INFO - [2025-07-12T06:27:12.424+0000] {dag.py:3096} INFO - Sync 1 DAGs
[2025-07-12T06:27:12.439+0000] {logging_mixin.py:188} INFO - [2025-07-12T06:27:12.439+0000] {dag.py:3954} INFO - Setting next_dagrun for update_historical_data to 2025-07-12 00:00:00+00:00, run_after=2025-07-13 00:00:00+00:00
[2025-07-12T06:27:12.450+0000] {processor.py:183} INFO - Processing /opt/airflow/dags/update_historical_data.py took 0.057 seconds
[2025-07-12T06:27:42.663+0000] {processor.py:161} INFO - Started process (PID=480) to work on /opt/airflow/dags/update_historical_data.py
[2025-07-12T06:27:42.664+0000] {processor.py:830} INFO - Processing file /opt/airflow/dags/update_historical_data.py for tasks to queue
[2025-07-12T06:27:42.665+0000] {logging_mixin.py:188} INFO - [2025-07-12T06:27:42.665+0000] {dagbag.py:545} INFO - Filling up the DagBag from /opt/airflow/dags/update_historical_data.py
[2025-07-12T06:27:42.673+0000] {processor.py:840} INFO - DAG(s) 'update_historical_data' retrieved from /opt/airflow/dags/update_historical_data.py
[2025-07-12T06:27:42.690+0000] {logging_mixin.py:188} INFO - [2025-07-12T06:27:42.689+0000] {dag.py:3096} INFO - Sync 1 DAGs
[2025-07-12T06:27:42.703+0000] {logging_mixin.py:188} INFO - [2025-07-12T06:27:42.703+0000] {dag.py:3954} INFO - Setting next_dagrun for update_historical_data to 2025-07-12 00:00:00+00:00, run_after=2025-07-13 00:00:00+00:00
[2025-07-12T06:27:42.714+0000] {processor.py:183} INFO - Processing /opt/airflow/dags/update_historical_data.py took 0.061 seconds
[2025-07-12T06:28:12.879+0000] {processor.py:161} INFO - Started process (PID=490) to work on /opt/airflow/dags/update_historical_data.py
[2025-07-12T06:28:12.890+0000] {processor.py:830} INFO - Processing file /opt/airflow/dags/update_historical_data.py for tasks to queue
[2025-07-12T06:28:12.894+0000] {logging_mixin.py:188} INFO - [2025-07-12T06:28:12.894+0000] {dagbag.py:545} INFO - Filling up the DagBag from /opt/airflow/dags/update_historical_data.py
[2025-07-12T06:28:12.905+0000] {processor.py:840} INFO - DAG(s) 'update_historical_data' retrieved from /opt/airflow/dags/update_historical_data.py
[2025-07-12T06:28:12.925+0000] {logging_mixin.py:188} INFO - [2025-07-12T06:28:12.925+0000] {dag.py:3096} INFO - Sync 1 DAGs
[2025-07-12T06:28:12.941+0000] {logging_mixin.py:188} INFO - [2025-07-12T06:28:12.941+0000] {dag.py:3954} INFO - Setting next_dagrun for update_historical_data to 2025-07-12 00:00:00+00:00, run_after=2025-07-13 00:00:00+00:00
[2025-07-12T06:28:12.951+0000] {processor.py:183} INFO - Processing /opt/airflow/dags/update_historical_data.py took 0.081 seconds
[2025-07-12T06:28:43.096+0000] {processor.py:161} INFO - Started process (PID=500) to work on /opt/airflow/dags/update_historical_data.py
[2025-07-12T06:28:43.096+0000] {processor.py:830} INFO - Processing file /opt/airflow/dags/update_historical_data.py for tasks to queue
[2025-07-12T06:28:43.098+0000] {logging_mixin.py:188} INFO - [2025-07-12T06:28:43.098+0000] {dagbag.py:545} INFO - Filling up the DagBag from /opt/airflow/dags/update_historical_data.py
[2025-07-12T06:28:43.105+0000] {processor.py:840} INFO - DAG(s) 'update_historical_data' retrieved from /opt/airflow/dags/update_historical_data.py
[2025-07-12T06:28:43.123+0000] {logging_mixin.py:188} INFO - [2025-07-12T06:28:43.123+0000] {dag.py:3096} INFO - Sync 1 DAGs
[2025-07-12T06:28:43.138+0000] {logging_mixin.py:188} INFO - [2025-07-12T06:28:43.138+0000] {dag.py:3954} INFO - Setting next_dagrun for update_historical_data to 2025-07-12 00:00:00+00:00, run_after=2025-07-13 00:00:00+00:00
[2025-07-12T06:28:43.148+0000] {processor.py:183} INFO - Processing /opt/airflow/dags/update_historical_data.py took 0.059 seconds
[2025-07-12T06:29:13.304+0000] {processor.py:161} INFO - Started process (PID=510) to work on /opt/airflow/dags/update_historical_data.py
[2025-07-12T06:29:13.310+0000] {processor.py:830} INFO - Processing file /opt/airflow/dags/update_historical_data.py for tasks to queue
[2025-07-12T06:29:13.314+0000] {logging_mixin.py:188} INFO - [2025-07-12T06:29:13.313+0000] {dagbag.py:545} INFO - Filling up the DagBag from /opt/airflow/dags/update_historical_data.py
[2025-07-12T06:29:13.323+0000] {processor.py:840} INFO - DAG(s) 'update_historical_data' retrieved from /opt/airflow/dags/update_historical_data.py
[2025-07-12T06:29:13.340+0000] {logging_mixin.py:188} INFO - [2025-07-12T06:29:13.340+0000] {dag.py:3096} INFO - Sync 1 DAGs
[2025-07-12T06:29:13.354+0000] {logging_mixin.py:188} INFO - [2025-07-12T06:29:13.354+0000] {dag.py:3954} INFO - Setting next_dagrun for update_historical_data to 2025-07-12 00:00:00+00:00, run_after=2025-07-13 00:00:00+00:00
[2025-07-12T06:29:13.365+0000] {processor.py:183} INFO - Processing /opt/airflow/dags/update_historical_data.py took 0.065 seconds
[2025-07-12T06:29:43.503+0000] {processor.py:161} INFO - Started process (PID=520) to work on /opt/airflow/dags/update_historical_data.py
[2025-07-12T06:29:43.503+0000] {processor.py:830} INFO - Processing file /opt/airflow/dags/update_historical_data.py for tasks to queue
[2025-07-12T06:29:43.505+0000] {logging_mixin.py:188} INFO - [2025-07-12T06:29:43.505+0000] {dagbag.py:545} INFO - Filling up the DagBag from /opt/airflow/dags/update_historical_data.py
[2025-07-12T06:29:43.512+0000] {processor.py:840} INFO - DAG(s) 'update_historical_data' retrieved from /opt/airflow/dags/update_historical_data.py
[2025-07-12T06:29:43.535+0000] {logging_mixin.py:188} INFO - [2025-07-12T06:29:43.535+0000] {dag.py:3096} INFO - Sync 1 DAGs
[2025-07-12T06:29:43.553+0000] {logging_mixin.py:188} INFO - [2025-07-12T06:29:43.552+0000] {dag.py:3954} INFO - Setting next_dagrun for update_historical_data to 2025-07-12 00:00:00+00:00, run_after=2025-07-13 00:00:00+00:00
[2025-07-12T06:29:43.563+0000] {processor.py:183} INFO - Processing /opt/airflow/dags/update_historical_data.py took 0.066 seconds
